   1              		.cpu cortex-a9
   2              		.eabi_attribute 28, 1
   3              		.eabi_attribute 20, 1
   4              		.eabi_attribute 21, 1
   5              		.eabi_attribute 23, 3
   6              		.eabi_attribute 24, 1
   7              		.eabi_attribute 25, 1
   8              		.eabi_attribute 26, 1
   9              		.eabi_attribute 30, 1
  10              		.eabi_attribute 34, 0
  11              		.eabi_attribute 18, 4
  12              		.file	"camera_mipi_imx219_b_regdata.c"
  13              		.text
  14              	.Ltext0:
  15              		.cfi_sections	.debug_frame
  16              		.global	g_mipi_reg_init_table
  17              		.section	.rodata.g_mipi_reg_init_table,"a",%progbits
  18              		.align	2
  21              	g_mipi_reg_init_table:
  22 0000 01       		.byte	1
  23 0001 14       		.byte	20
  24 0002 01       		.byte	1
  25 0003 01       		.byte	1
  26 0004 28       		.byte	40
  27 0005 01       		.byte	1
  28 0006 01       		.byte	1
  29 0007 2A       		.byte	42
  30 0008 0C       		.byte	12
  31 0009 01       		.byte	1
  32 000a 2B       		.byte	43
  33 000b 00       		.byte	0
  34 000c 01       		.byte	1
  35 000d 60       		.byte	96
  36 000e 0A       		.byte	10
  37 000f 01       		.byte	1
  38 0010 61       		.byte	97
  39 0011 28       		.byte	40
  40 0012 01       		.byte	1
  41 0013 64       		.byte	100
  42 0014 01       		.byte	1
  43 0015 01       		.byte	1
  44 0016 65       		.byte	101
  45 0017 80       		.byte	-128
  46 0018 01       		.byte	1
  47 0019 66       		.byte	102
  48 001a 0B       		.byte	11
  49 001b 01       		.byte	1
  50 001c 67       		.byte	103
  51 001d FF       		.byte	-1
  52 001e 01       		.byte	1
  53 001f 68       		.byte	104
  54 0020 02       		.byte	2
  55 0021 01       		.byte	1
  56 0022 69       		.byte	105
  57 0023 44       		.byte	68
  58 0024 01       		.byte	1
  59 0025 6A       		.byte	106
  60 0026 07       		.byte	7
  61 0027 01       		.byte	1
  62 0028 6B       		.byte	107
  63 0029 E3       		.byte	-29
  64 002a 01       		.byte	1
  65 002b 6C       		.byte	108
  66 002c 05       		.byte	5
  67 002d 01       		.byte	1
  68 002e 6D       		.byte	109
  69 002f 40       		.byte	64
  70 0030 01       		.byte	1
  71 0031 6E       		.byte	110
  72 0032 04       		.byte	4
  73 0033 01       		.byte	1
  74 0034 6F       		.byte	111
  75 0035 38       		.byte	56
  76 0036 01       		.byte	1
  77 0037 8C       		.byte	-116
  78 0038 08       		.byte	8
  79 0039 01       		.byte	1
  80 003a 8D       		.byte	-115
  81 003b 08       		.byte	8
  82 003c 01       		.byte	1
  83 003d 74       		.byte	116
  84 003e 01       		.byte	1
  85 003f 01       		.byte	1
  86 0040 75       		.byte	117
  87 0041 01       		.byte	1
  88 0042 01       		.byte	1
  89 0043 76       		.byte	118
  90 0044 01       		.byte	1
  91 0045 01       		.byte	1
  92 0046 77       		.byte	119
  93 0047 01       		.byte	1
  94 0048 01       		.byte	1
  95 0049 57       		.byte	87
  96 004a C0       		.byte	-64
  97 004b 01       		.byte	1
  98 004c 1C       		.byte	28
  99 004d 00       		.byte	0
 100 004e 01       		.byte	1
 101 004f 1D       		.byte	29
 102 0050 57       		.byte	87
 103 0051 01       		.byte	1
 104 0052 24       		.byte	36
 105 0053 00       		.byte	0
 106 0054 01       		.byte	1
 107 0055 25       		.byte	37
 108 0056 BF       		.byte	-65
 109 0057 03       		.byte	3
 110 0058 01       		.byte	1
 111 0059 05       		.byte	5
 112 005a 03       		.byte	3
 113 005b 04       		.byte	4
 114 005c 02       		.byte	2
 115 005d 03       		.byte	3
 116 005e 05       		.byte	5
 117 005f 02       		.byte	2
 118 0060 03       		.byte	3
 119 0061 06       		.byte	6
 120 0062 00       		.byte	0
 121 0063 03       		.byte	3
 122 0064 07       		.byte	7
 123 0065 2B       		.byte	43
 124 0066 03       		.byte	3
 125 0067 09       		.byte	9
 126 0068 08       		.byte	8
 127 0069 03       		.byte	3
 128 006a 0C       		.byte	12
 129 006b 00       		.byte	0
 130 006c 03       		.byte	3
 131 006d 0D       		.byte	13
 132 006e 2E       		.byte	46
 133              		.text
 134              	.Letext0:
 135              		.file 1 "/home/zkmike/.local/share/renesas/e2_studio/toolchains/gcc_arm/gcc-arm-none-eabi-6-2017-q
 136              		.file 2 "/home/zkmike/.local/share/renesas/e2_studio/toolchains/gcc_arm/gcc-arm-none-eabi-6-2017-q
 137              		.file 3 "/home/zkmike/.local/share/renesas/e2_studio/toolchains/gcc_arm/gcc-arm-none-eabi-6-2017-q
 138              		.file 4 "/home/zkmike/.local/share/renesas/e2_studio/toolchains/gcc_arm/gcc-arm-none-eabi-6-2017-q
 139              		.file 5 "/home/zkmike/.local/share/renesas/e2_studio/toolchains/gcc_arm/gcc-arm-none-eabi-6-2017-q
 140              		.file 6 "/home/zkmike/.local/share/renesas/e2_studio/toolchains/gcc_arm/gcc-arm-none-eabi-6-2017-q
 141              		.file 7 "/home/zkmike/.local/share/renesas/e2_studio/toolchains/gcc_arm/gcc-arm-none-eabi-6-2017-q
 142              		.file 8 "/home/zkmike/.local/share/renesas/e2_studio/toolchains/gcc_arm/gcc-arm-none-eabi-6-2017-q
 143              		.file 9 "../src/renesas/application/common/camera/camera_mipi_imx219_b_regdata.h"
 144              		.file 10 "../src/renesas/application/common/camera/camera_mipi_imx219_b_regdata.c"
DEFINED SYMBOLS
                            *ABS*:0000000000000000 camera_mipi_imx219_b_regdata.c
     /tmp/ccGzKipf.s:21     .rodata.g_mipi_reg_init_table:0000000000000000 g_mipi_reg_init_table
     /tmp/ccGzKipf.s:18     .rodata.g_mipi_reg_init_table:0000000000000000 $d
                           .group:0000000000000000 wm4.0.651efe9c2abf2660cab0fe434bc203fa
                           .group:0000000000000000 wm4.mipi_camera.h.25.be6225dfafda6e2e1c67275eaeb708d4
                           .group:0000000000000000 wm4.stddef.h.39.a38874c8f8a57e66301090908ec2a69f
                           .group:0000000000000000 wm4._newlib_version.h.4.3572908597b70d672d181fc7fc501c19
                           .group:0000000000000000 wm4.features.h.33.d97f2d646536517df901beeb5b9993f5
                           .group:0000000000000000 wm4._default_types.h.15.247e5cd201eca3442cbf5404108c4935
                           .group:0000000000000000 wm4._intsup.h.10.cce27fed8484c08a33f522034c30d2b5
                           .group:0000000000000000 wm4._stdint.h.10.c24fa3af3bc1706662bb5593a907e841
                           .group:0000000000000000 wm4.stdint.h.23.d53047a68f4a85177f80b422d52785ed
                           .group:0000000000000000 wm4.newlib.h.8.5f2124c7e712be65f83b91ff86a0b1c1
                           .group:0000000000000000 wm4.config.h.219.65a553ab5bef5482f0d7880b0d33015e
                           .group:0000000000000000 wm4._ansi.h.23.9f8fcfa20193763fcf364fb91705c94b
                           .group:0000000000000000 wm4.lock.h.2.1461d1fff82dffe8bfddc23307f6484f
                           .group:0000000000000000 wm4._types.h.125.5cf8a495f1f7ef36777ad868a1e32068
                           .group:0000000000000000 wm4.stddef.h.161.5349cb105733e8777bfb0cf53c4e3f34
                           .group:0000000000000000 wm4._types.h.183.c226d164ceca1f2ecb9ae9360c54a098
                           .group:0000000000000000 wm4.reent.h.17.23b059516345f8f5abfa01ddc379570f
                           .group:0000000000000000 wm4.cdefs.h.47.e658329a094974ebad41b40c60502de7
                           .group:0000000000000000 wm4.math.h.13.adb102f7bd7860b1f241e149d6914a1e
                           .group:0000000000000000 wm4.r_typedefs.h.38.e90d9de5300d9ae020e5db8c5af88b3e
                           .group:0000000000000000 wm4.adc_iodefine.h.29.14c6f50dce37432a7d004e4b1ce33da7
                           .group:0000000000000000 wm4.bsc_iodefine.h.29.9281d1f3639266933964d6d0c2d42c4f
                           .group:0000000000000000 wm4.ceu_iodefine.h.29.2a669d0b46fdde030a50db9e3c307fbf
                           .group:0000000000000000 wm4.cpg_iodefine.h.29.d6fdc9cb4798723afd88b251d64c2ce2
                           .group:0000000000000000 wm4.csi2link_iodefine.h.29.221c4531636a409f24d307b16341ada8
                           .group:0000000000000000 wm4.dmac_iodefine.h.29.578fccc2cc1da886ec95a029bf874f01
                           .group:0000000000000000 wm4.drpk_iodefine.h.29.580eb8588a2b2d43d2726fbe791e513f
                           .group:0000000000000000 wm4.drw_iodefine.h.29.df30f4a4a34a79f6a86c4df91353dffe
                           .group:0000000000000000 wm4.edmac_iodefine.h.29.33e8759349004a722f42f5429c1353f6
                           .group:0000000000000000 wm4.eptpc_iodefine.h.29.74d8f9fab0f5549b56097fb9e937dde8
                           .group:0000000000000000 wm4.etherc_iodefine.h.29.14602750383a574f1c21f994ad33a366
                           .group:0000000000000000 wm4.gpio_iodefine.h.29.3d0b021c56839cee4ae5149903684e4b
                           .group:0000000000000000 wm4.gpt_iodefine.h.29.557ead75d7b0585b898d3898b64c7f87
                           .group:0000000000000000 wm4.hyper_iodefine.h.29.000caadbb74d881e97db55b39b432154
                           .group:0000000000000000 wm4.imr_iodefine.h.29.77c022f017e711c4d51cc0145db1dad3
                           .group:0000000000000000 wm4.intc_iodefine.h.29.b68f5799a35a7495d63b4cd458e1ba57
                           .group:0000000000000000 wm4.irda_iodefine.h.29.37e67bd2005173d68a74d1cc937d8444
                           .group:0000000000000000 wm4.jcu_iodefine.h.29.3aca452908962e7a7ccf26164751feda
                           .group:0000000000000000 wm4.lvds_iodefine.h.29.c11cbe1900e5209c8dcc76c2336c16bc
                           .group:0000000000000000 wm4.mtu_iodefine.h.29.5498fb974bb53caf05aa143c2deec781
                           .group:0000000000000000 wm4.nandc_iodefine.h.29.e0b343306750f017ee86e169ad98efe9
                           .group:0000000000000000 wm4.octa_iodefine.h.29.4cb0d62e4b9633e173858000dc1c626c
                           .group:0000000000000000 wm4.ostm_iodefine.h.29.6914f7e330a1cf0008b34219adcdfed4
                           .group:0000000000000000 wm4.pl_iodefine.h.29.abbb6d725aed990aa8343242bfe31416
                           .group:0000000000000000 wm4.pmg_iodefine.h.29.8bcfbc4771a6f9b7dd4d6f504427219e
                           .group:0000000000000000 wm4.poeg_iodefine.h.29.0d8e258d10986260cbc70cfb8c0ef273
                           .group:0000000000000000 wm4.poe_iodefine.h.29.fe74e55e7b6b4afbe3596c74ba035e98
                           .group:0000000000000000 wm4.prr_iodefine.h.29.c1f15576f7a27b9c83aa3b40f5b2f988
                           .group:0000000000000000 wm4.ptpedmac_iodefine.h.29.cd24a93374ce35cebc41e26889d619ef
                           .group:0000000000000000 wm4.rcanfd_iodefine.h.29.532dd48b82fcb61d63538aba4b6f1289
                           .group:0000000000000000 wm4.rcan_iodefine.h.29.a47a89db1b35c12b54af48fa1956acba
                           .group:0000000000000000 wm4.riic_iodefine.h.29.f96943d49800d297612c4af3bba5c943
                           .group:0000000000000000 wm4.rspi_iodefine.h.29.7efa041fe34a7d27db66a7b337879dfe
                           .group:0000000000000000 wm4.rtc_iodefine.h.29.6dc76be5ca3df69cecb5a81d06cc46b5
                           .group:0000000000000000 wm4.scifa_iodefine.h.29.b04ccd664d71baaf31c75761c45b9c4d
                           .group:0000000000000000 wm4.scim_iodefine.h.29.87d0760abf94446b00d826c797bf0ff2
                           .group:0000000000000000 wm4.sdmmc_iodefine.h.29.e67e9815445e8057a3262d1566bea0db
                           .group:0000000000000000 wm4.spdif_iodefine.h.29.59f5d70150fa200a4d8ee50be1ee34c8
                           .group:0000000000000000 wm4.spibsc_iodefine.h.29.f4930f8b8da1140200204513a363c76f
                           .group:0000000000000000 wm4.sprite_iodefine.h.29.55796d1fa083a2457fea4ece974a192e
                           .group:0000000000000000 wm4.ssif_iodefine.h.29.054ec6d95f487f631f16aee39c85c47a
                           .group:0000000000000000 wm4.usb_iodefine.h.29.6dc44ea388ba227e8fdcfb33c315887b
                           .group:0000000000000000 wm4.vdc_iodefine.h.29.db282ded1f052d8567fbbd3b61ce8f7a
                           .group:0000000000000000 wm4.vin_iodefine.h.29.9b392e5601347d53e64be3272934e170
                           .group:0000000000000000 wm4.wdt_iodefine.h.29.ed07bb44b797072f8c28b41c64fdca30
                           .group:0000000000000000 wm4.r_mipi_user.h.32.80935d64668479eae19d7b52f81717b2
                           .group:0000000000000000 wm4.camera_imx219_b.h.30.45b15205e786e34c39f8b2b9589f011d
                           .group:0000000000000000 wm4.stdlib.h.13.4ed386f5c1a80d71e72172885d946ef2
                           .group:0000000000000000 wm4.stddef.h.161.19e15733342b50ead2919490b095303e
                           .group:0000000000000000 wm4.alloca.h.8.dfc0c703c47ec3e69746825b17d9e66d
                           .group:0000000000000000 wm4.stdlib.h.56.d4493cd3736e51e9d56335045f26df45

NO UNDEFINED SYMBOLS
