   1              		.cpu cortex-a9
   2              		.eabi_attribute 28, 1
   3              		.eabi_attribute 20, 1
   4              		.eabi_attribute 21, 1
   5              		.eabi_attribute 23, 3
   6              		.eabi_attribute 24, 1
   7              		.eabi_attribute 25, 1
   8              		.eabi_attribute 26, 1
   9              		.eabi_attribute 30, 1
  10              		.eabi_attribute 34, 0
  11              		.eabi_attribute 18, 4
  12              		.file	"r_bcd_camera.c"
  13              		.text
  14              	.Ltext0:
  15              		.cfi_sections	.debug_frame
  16              		.section	.text.SwapPoint,"ax",%progbits
  17              		.align	2
  18              		.syntax unified
  19              		.arm
  20              		.fpu neon
  22              	SwapPoint:
  23              	.LFB6:
  24              		.file 1 "../src/renesas/application/r_bcd_camera.c"
   1:../src/renesas/application/r_bcd_camera.c **** /**************************************************************************************************
   2:../src/renesas/application/r_bcd_camera.c ****  * DISCLAIMER
   3:../src/renesas/application/r_bcd_camera.c ****  * This software is supplied by Renesas Electronics Corporation and is only intended for use with R
   4:../src/renesas/application/r_bcd_camera.c ****  * other uses are authorized. This software is owned by Renesas Electronics Corporation and is prot
   5:../src/renesas/application/r_bcd_camera.c ****  * applicable laws, including copyright laws.
   6:../src/renesas/application/r_bcd_camera.c ****  * THIS SOFTWARE IS PROVIDED "AS IS" AND RENESAS MAKES NO WARRANTIES REGARDING
   7:../src/renesas/application/r_bcd_camera.c ****  * THIS SOFTWARE, WHETHER EXPRESS, IMPLIED OR STATUTORY, INCLUDING BUT NOT LIMITED TO WARRANTIES OF
   8:../src/renesas/application/r_bcd_camera.c ****  * FITNESS FOR A PARTICULAR PURPOSE AND NON-INFRINGEMENT. ALL SUCH WARRANTIES ARE EXPRESSLY DISCLAI
   9:../src/renesas/application/r_bcd_camera.c ****  * EXTENT PERMITTED NOT PROHIBITED BY LAW, NEITHER RENESAS ELECTRONICS CORPORATION NOR ANY OF ITS A
  10:../src/renesas/application/r_bcd_camera.c ****  * SHALL BE LIABLE FOR ANY DIRECT, INDIRECT, SPECIAL, INCIDENTAL OR CONSEQUENTIAL DAMAGES FOR ANY R
  11:../src/renesas/application/r_bcd_camera.c ****  * THIS SOFTWARE, EVEN IF RENESAS OR ITS AFFILIATES HAVE BEEN ADVISED OF THE POSSIBILITY OF SUCH DA
  12:../src/renesas/application/r_bcd_camera.c ****  * Renesas reserves the right, without notice, to make changes to this software and to discontinue 
  13:../src/renesas/application/r_bcd_camera.c ****  * this software. By using this software, you agree to the additional terms and conditions found by
  14:../src/renesas/application/r_bcd_camera.c ****  * following link:
  15:../src/renesas/application/r_bcd_camera.c ****  * http://www.renesas.com/disclaimer
  16:../src/renesas/application/r_bcd_camera.c ****  *
  17:../src/renesas/application/r_bcd_camera.c ****  * Copyright (C) 2019 Renesas Electronics Corporation. All rights reserved.
  18:../src/renesas/application/r_bcd_camera.c ****  **************************************************************************************************
  19:../src/renesas/application/r_bcd_camera.c **** /******************************************************************************
  20:../src/renesas/application/r_bcd_camera.c **** Includes   <System Includes> , "Project Includes"
  21:../src/renesas/application/r_bcd_camera.c **** ******************************************************************************/
  22:../src/renesas/application/r_bcd_camera.c **** #include "r_typedefs.h"
  23:../src/renesas/application/r_bcd_camera.c **** #include "mipi_camera.h"
  24:../src/renesas/application/r_bcd_camera.c **** 
  25:../src/renesas/application/r_bcd_camera.c **** #include "r_rvapi_mipi.h"
  26:../src/renesas/application/r_bcd_camera.c **** #include "r_bcd_camera.h"
  27:../src/renesas/application/r_bcd_camera.c **** #include "r_intc_drv_api.h"
  28:../src/renesas/application/r_bcd_camera.c **** 
  29:../src/renesas/application/r_bcd_camera.c **** /******************************************************************************
  30:../src/renesas/application/r_bcd_camera.c **** Typedef definitions
  31:../src/renesas/application/r_bcd_camera.c **** ******************************************************************************/
  32:../src/renesas/application/r_bcd_camera.c **** 
  33:../src/renesas/application/r_bcd_camera.c **** /******************************************************************************
  34:../src/renesas/application/r_bcd_camera.c **** Macro definitions
  35:../src/renesas/application/r_bcd_camera.c **** ******************************************************************************/
  36:../src/renesas/application/r_bcd_camera.c **** #define MB_REG_NUM_MAX (3)
  37:../src/renesas/application/r_bcd_camera.c **** 
  38:../src/renesas/application/r_bcd_camera.c **** /******************************************************************************
  39:../src/renesas/application/r_bcd_camera.c **** Imported global variables and functions (from other files)
  40:../src/renesas/application/r_bcd_camera.c **** ******************************************************************************/
  41:../src/renesas/application/r_bcd_camera.c **** 
  42:../src/renesas/application/r_bcd_camera.c **** /******************************************************************************
  43:../src/renesas/application/r_bcd_camera.c **** Exported global variables and functions (to be accessed by other files)
  44:../src/renesas/application/r_bcd_camera.c **** ******************************************************************************/
  45:../src/renesas/application/r_bcd_camera.c **** 
  46:../src/renesas/application/r_bcd_camera.c **** /******************************************************************************
  47:../src/renesas/application/r_bcd_camera.c **** Private global variables and functions
  48:../src/renesas/application/r_bcd_camera.c **** ******************************************************************************/
  49:../src/renesas/application/r_bcd_camera.c **** /* Static function */
  50:../src/renesas/application/r_bcd_camera.c **** static void MipiInt_isr(e_mipi_interrupt_type_t int_type);
  51:../src/renesas/application/r_bcd_camera.c **** static void SwapPoint (volatile uint32_t * point, uint32_t max_point);
  52:../src/renesas/application/r_bcd_camera.c **** 
  53:../src/renesas/application/r_bcd_camera.c **** /* Static variable */
  54:../src/renesas/application/r_bcd_camera.c **** static volatile int32_t vdc_captured = R_BCD_CAMERA_NOT_CAPTURED;
  55:../src/renesas/application/r_bcd_camera.c **** static uint8_t frame_buffer[R_BCD_CAMERA_FRAME_BUF_NUM][R_BCD_CAMERA_HEIGHT * R_BCD_CAMERA_WIDTH] _
  56:../src/renesas/application/r_bcd_camera.c **** static volatile uint32_t mb_manage_table[MB_REG_NUM_MAX];   /* Current buffer point for input captu
  57:../src/renesas/application/r_bcd_camera.c **** static volatile uint32_t buff_write_point;   /* Current buffer point for input capture data */
  58:../src/renesas/application/r_bcd_camera.c **** 
  59:../src/renesas/application/r_bcd_camera.c **** /******************************************************************************
  60:../src/renesas/application/r_bcd_camera.c **** * Function Name: R_BCD_CameraGetFrameAddress
  61:../src/renesas/application/r_bcd_camera.c **** * Description  : Returns the address of the frame buffer with the number specified by the argument
  62:../src/renesas/application/r_bcd_camera.c **** * Arguments    : index
  63:../src/renesas/application/r_bcd_camera.c **** *              :   index of the frame buffer
  64:../src/renesas/application/r_bcd_camera.c **** * Return Value : address of the frame buffer
  65:../src/renesas/application/r_bcd_camera.c **** ******************************************************************************/
  66:../src/renesas/application/r_bcd_camera.c **** uint8_t *R_BCD_CameraGetFrameAddress(int32_t index)
  67:../src/renesas/application/r_bcd_camera.c **** {
  68:../src/renesas/application/r_bcd_camera.c ****     return &frame_buffer[index][0];
  69:../src/renesas/application/r_bcd_camera.c **** }   /* End of function R_BCD_CameraGetFrameAddress() */
  70:../src/renesas/application/r_bcd_camera.c **** 
  71:../src/renesas/application/r_bcd_camera.c **** /******************************************************************************
  72:../src/renesas/application/r_bcd_camera.c **** * Function Name: R_BCD_CameraInit
  73:../src/renesas/application/r_bcd_camera.c **** * Description  : Initialization of camera capture processing(MIPI/VIN)
  74:../src/renesas/application/r_bcd_camera.c **** * Arguments    : -
  75:../src/renesas/application/r_bcd_camera.c **** * Return Value : 0  success
  76:../src/renesas/application/r_bcd_camera.c **** *                -1 fail
  77:../src/renesas/application/r_bcd_camera.c **** ******************************************************************************/
  78:../src/renesas/application/r_bcd_camera.c **** int32_t R_BCD_CameraInit(void)
  79:../src/renesas/application/r_bcd_camera.c **** {
  80:../src/renesas/application/r_bcd_camera.c ****     int32_t retval = 0;
  81:../src/renesas/application/r_bcd_camera.c ****     e_mipi_error_t result;
  82:../src/renesas/application/r_bcd_camera.c ****     st_mipi_param_t mipi_data;    /* Config data for MIPI */
  83:../src/renesas/application/r_bcd_camera.c ****     st_vin_setup_t vin_setup;     /* Config data for VIN */
  84:../src/renesas/application/r_bcd_camera.c ****     
  85:../src/renesas/application/r_bcd_camera.c ****     /* Initialize MIPI config data */
  86:../src/renesas/application/r_bcd_camera.c ****     mipi_data.mipi_lanenum    = CAM_MIPI_LANE_NUM;
  87:../src/renesas/application/r_bcd_camera.c ****     mipi_data.mipi_vc         = CAM_MIPI_SEL_VC;
  88:../src/renesas/application/r_bcd_camera.c ****     mipi_data.mipi_interlace  = MIPI_PROGRESSIVE;
  89:../src/renesas/application/r_bcd_camera.c ****     mipi_data.mipi_laneswap   = CAM_MIPI_LANE_SWAP;
  90:../src/renesas/application/r_bcd_camera.c ****     mipi_data.mipi_frametop   = 0;
  91:../src/renesas/application/r_bcd_camera.c ****     mipi_data.mipi_outputrate = CAM_MIPI_TRANSFER_RATE;
  92:../src/renesas/application/r_bcd_camera.c ****     mipi_data.mipi_phy_timing.mipi_ths_prepare  = CAM_MIPI_THS_PREPARE;
  93:../src/renesas/application/r_bcd_camera.c ****     mipi_data.mipi_phy_timing.mipi_ths_settle   = CAM_MIPI_THS_SETTLE;
  94:../src/renesas/application/r_bcd_camera.c ****     mipi_data.mipi_phy_timing.mipi_tclk_prepare = CAM_MIPI_TCLK_PREPARE;
  95:../src/renesas/application/r_bcd_camera.c ****     mipi_data.mipi_phy_timing.mipi_tclk_settle  = CAM_MIPI_TCLK_SETTLE;
  96:../src/renesas/application/r_bcd_camera.c ****     mipi_data.mipi_phy_timing.mipi_tclk_miss    = CAM_MIPI_TCLK_MISS;
  97:../src/renesas/application/r_bcd_camera.c ****     mipi_data.mipi_phy_timing.mipi_t_init_slave = CAM_MIPI_T_INIT_SLAVE;
  98:../src/renesas/application/r_bcd_camera.c ****     
  99:../src/renesas/application/r_bcd_camera.c ****     /* Initialize VIN config data */
 100:../src/renesas/application/r_bcd_camera.c ****     vin_setup.vin_preclip.vin_preclip_starty = CAM_VIN_PRECLIP_START_Y;
 101:../src/renesas/application/r_bcd_camera.c ****     vin_setup.vin_preclip.vin_preclip_endy   = ((CAM_VIN_PRECLIP_START_Y + CAM_VIN_PRECLIP_WIDTH_Y)
 102:../src/renesas/application/r_bcd_camera.c ****     vin_setup.vin_preclip.vin_preclip_startx = CAM_VIN_PRECLIP_START_X;
 103:../src/renesas/application/r_bcd_camera.c ****     vin_setup.vin_preclip.vin_preclip_endx   = ((CAM_VIN_PRECLIP_START_X + CAM_VIN_PRECLIP_WIDTH_X)
 104:../src/renesas/application/r_bcd_camera.c ****     vin_setup.vin_inputformat  = CAM_VIN_INPUT_FORMAT;
 105:../src/renesas/application/r_bcd_camera.c ****     vin_setup.vin_outputformat = CAM_VIN_OUTPUT_FORMAT;
 106:../src/renesas/application/r_bcd_camera.c ****     vin_setup.vin_outputendian = CAM_VIN_OUTPUT_ENDIAN;
 107:../src/renesas/application/r_bcd_camera.c ****     vin_setup.vin_interlace    = VIN_PROGRESSIVE;
 108:../src/renesas/application/r_bcd_camera.c ****     vin_setup.vin_stride       = CAM_VIN_OUTPUT_IS;
 109:../src/renesas/application/r_bcd_camera.c ****     vin_setup.vin_ycoffset     = (CAM_VIN_OUTPUT_IS * CAM_VIN_PRECLIP_WIDTH_Y);
 110:../src/renesas/application/r_bcd_camera.c ****     vin_setup.vin_input_align  = CAM_VIN_INPUT_YCAL;
 111:../src/renesas/application/r_bcd_camera.c ****     vin_setup.vin_output_swap  = CAM_VIN_OUTPUT_BPSM;
 112:../src/renesas/application/r_bcd_camera.c ****     
 113:../src/renesas/application/r_bcd_camera.c ****     /* Internal static RAM initialize */
 114:../src/renesas/application/r_bcd_camera.c ****     buff_write_point = 0;
 115:../src/renesas/application/r_bcd_camera.c **** 
 116:../src/renesas/application/r_bcd_camera.c ****     /* MIPI I/F power on */
 117:../src/renesas/application/r_bcd_camera.c ****     Init_Camera();
 118:../src/renesas/application/r_bcd_camera.c **** 
 119:../src/renesas/application/r_bcd_camera.c ****     /* Initialize MIPI driver */
 120:../src/renesas/application/r_bcd_camera.c ****     R_RVAPI_InitializeMIPI();
 121:../src/renesas/application/r_bcd_camera.c **** 
 122:../src/renesas/application/r_bcd_camera.c ****     /* Initial setting of MIPI / VIN */
 123:../src/renesas/application/r_bcd_camera.c ****     result = R_RVAPI_OpenMIPI(&mipi_data);
 124:../src/renesas/application/r_bcd_camera.c ****     retval = (result == MIPI_OK) ? 0 : (-1);
 125:../src/renesas/application/r_bcd_camera.c **** 
 126:../src/renesas/application/r_bcd_camera.c ****     if (retval == 0)
 127:../src/renesas/application/r_bcd_camera.c ****     {
 128:../src/renesas/application/r_bcd_camera.c ****         result = R_RVAPI_SetupMIPI(&vin_setup);
 129:../src/renesas/application/r_bcd_camera.c ****         retval = (result == MIPI_OK) ? 0 : (-1);
 130:../src/renesas/application/r_bcd_camera.c ****     }
 131:../src/renesas/application/r_bcd_camera.c **** 
 132:../src/renesas/application/r_bcd_camera.c ****     /* Setting of interrupt callback */
 133:../src/renesas/application/r_bcd_camera.c ****     {
 134:../src/renesas/application/r_bcd_camera.c ****         st_mipi_int_t config;
 135:../src/renesas/application/r_bcd_camera.c ****         config.type           = VIN_INT_SCANLINE;
 136:../src/renesas/application/r_bcd_camera.c ****         /* Setting NULL */
 137:../src/renesas/application/r_bcd_camera.c ****         config.p_mipiCallback = NULL;
 138:../src/renesas/application/r_bcd_camera.c ****         config.p_vinCallback  = MipiInt_isr;
 139:../src/renesas/application/r_bcd_camera.c ****         config.line_num       = R_BCD_CAMERA_HEIGHT - 1;
 140:../src/renesas/application/r_bcd_camera.c ****         R_RVAPI_InterruptEnableMIPI( &config );
 141:../src/renesas/application/r_bcd_camera.c ****     }
 142:../src/renesas/application/r_bcd_camera.c **** 
 143:../src/renesas/application/r_bcd_camera.c ****     return retval;
 144:../src/renesas/application/r_bcd_camera.c **** }   /* End of function R_BCD_CameraInit() */
 145:../src/renesas/application/r_bcd_camera.c **** 
 146:../src/renesas/application/r_bcd_camera.c **** /******************************************************************************
 147:../src/renesas/application/r_bcd_camera.c **** * Function Name: R_BCD_CameraCaptureStart
 148:../src/renesas/application/r_bcd_camera.c **** * Description  : Start camera capture processing(MIPI/VIN)
 149:../src/renesas/application/r_bcd_camera.c **** * Arguments    : -
 150:../src/renesas/application/r_bcd_camera.c **** * Return Value : 0  success
 151:../src/renesas/application/r_bcd_camera.c **** *                -1 fail
 152:../src/renesas/application/r_bcd_camera.c **** ******************************************************************************/
 153:../src/renesas/application/r_bcd_camera.c **** int32_t R_BCD_CameraCaptureStart(void)
 154:../src/renesas/application/r_bcd_camera.c **** {
 155:../src/renesas/application/r_bcd_camera.c ****     int32_t retval = 0;
 156:../src/renesas/application/r_bcd_camera.c ****     e_mipi_error_t result;
 157:../src/renesas/application/r_bcd_camera.c ****     uint32_t count;
 158:../src/renesas/application/r_bcd_camera.c **** 
 159:../src/renesas/application/r_bcd_camera.c ****     /* Set all MB register before start capture */
 160:../src/renesas/application/r_bcd_camera.c ****     for (count = 0; count < MB_REG_NUM_MAX; count++)
 161:../src/renesas/application/r_bcd_camera.c ****     {
 162:../src/renesas/application/r_bcd_camera.c ****         /* set buffer */
 163:../src/renesas/application/r_bcd_camera.c ****         R_RVAPI_SetBufferMIPI((uint8_t)count, &frame_buffer[buff_write_point][0]);
 164:../src/renesas/application/r_bcd_camera.c ****         mb_manage_table[count] = buff_write_point;
 165:../src/renesas/application/r_bcd_camera.c ****         SwapPoint(&buff_write_point, R_BCD_CAMERA_FRAME_BUF_NUM);
 166:../src/renesas/application/r_bcd_camera.c ****     }
 167:../src/renesas/application/r_bcd_camera.c ****     result = R_RVAPI_CaptureStartMIPI();
 168:../src/renesas/application/r_bcd_camera.c ****     retval = (result == MIPI_OK) ? 0 : (-1);
 169:../src/renesas/application/r_bcd_camera.c **** 
 170:../src/renesas/application/r_bcd_camera.c ****     /* Camera clock start */
 171:../src/renesas/application/r_bcd_camera.c ****     Start_Camera();
 172:../src/renesas/application/r_bcd_camera.c **** 
 173:../src/renesas/application/r_bcd_camera.c ****     return retval;
 174:../src/renesas/application/r_bcd_camera.c **** }   /* End of function R_BCD_CameraCaptureStart() */
 175:../src/renesas/application/r_bcd_camera.c **** 
 176:../src/renesas/application/r_bcd_camera.c **** /******************************************************************************
 177:../src/renesas/application/r_bcd_camera.c **** * Function Name: R_BCD_CameraGetCaptureStatus
 178:../src/renesas/application/r_bcd_camera.c **** * Description  : This function returns the number of the frame buffer in
 179:../src/renesas/application/r_bcd_camera.c **** *              : which the capture data is stored.
 180:../src/renesas/application/r_bcd_camera.c **** * Arguments    : -
 181:../src/renesas/application/r_bcd_camera.c **** * Return Value : -1 (R_BCD_CAMERA_NOT_CAPTURED)
 182:../src/renesas/application/r_bcd_camera.c **** *              :   No data has been captured.
 183:../src/renesas/application/r_bcd_camera.c **** *              : 0
 184:../src/renesas/application/r_bcd_camera.c **** *              :   There is captured data in the 1st frame buffer.
 185:../src/renesas/application/r_bcd_camera.c **** *              : 1
 186:../src/renesas/application/r_bcd_camera.c **** *              :   There is captured data in the 2nd frame buffer.
 187:../src/renesas/application/r_bcd_camera.c **** *              : 2
 188:../src/renesas/application/r_bcd_camera.c **** *              :   There is captured data in the 3rd frame buffer.
 189:../src/renesas/application/r_bcd_camera.c **** ******************************************************************************/
 190:../src/renesas/application/r_bcd_camera.c **** int32_t R_BCD_CameraGetCaptureStatus(void)
 191:../src/renesas/application/r_bcd_camera.c **** {
 192:../src/renesas/application/r_bcd_camera.c ****     return vdc_captured;
 193:../src/renesas/application/r_bcd_camera.c **** }   /* End of function R_BCD_CameraGetCaptureStatus() */
 194:../src/renesas/application/r_bcd_camera.c **** 
 195:../src/renesas/application/r_bcd_camera.c **** /******************************************************************************
 196:../src/renesas/application/r_bcd_camera.c **** * Function Name: R_BCD_CameraClearCaptureStatus
 197:../src/renesas/application/r_bcd_camera.c **** * Description  : This function clears the variable indicating the frame buffer
 198:../src/renesas/application/r_bcd_camera.c **** *              : where the capture data is stored.
 199:../src/renesas/application/r_bcd_camera.c **** * Arguments    : -
 200:../src/renesas/application/r_bcd_camera.c **** * Return Value : -
 201:../src/renesas/application/r_bcd_camera.c **** ******************************************************************************/
 202:../src/renesas/application/r_bcd_camera.c **** void R_BCD_CameraClearCaptureStatus(void)
 203:../src/renesas/application/r_bcd_camera.c **** {
 204:../src/renesas/application/r_bcd_camera.c ****     vdc_captured = R_BCD_CAMERA_NOT_CAPTURED;
 205:../src/renesas/application/r_bcd_camera.c **** 
 206:../src/renesas/application/r_bcd_camera.c ****     return;
 207:../src/renesas/application/r_bcd_camera.c **** }   /* End of function R_BCD_CameraClearCaptureStatus() */
 208:../src/renesas/application/r_bcd_camera.c **** 
 209:../src/renesas/application/r_bcd_camera.c **** /******************************************************************************
 210:../src/renesas/application/r_bcd_camera.c **** * Function Name: MipiInt_isr
 211:../src/renesas/application/r_bcd_camera.c **** * Description  : Function to handle interrupt of MIPI
 212:../src/renesas/application/r_bcd_camera.c **** *              : Find the frame buffer where the capture data is stored
 213:../src/renesas/application/r_bcd_camera.c **** *              : (Frame buffer is triple buffer)
 214:../src/renesas/application/r_bcd_camera.c **** * Arguments    : int_type
 215:../src/renesas/application/r_bcd_camera.c **** *              :   interrupt type (unused)
 216:../src/renesas/application/r_bcd_camera.c **** * Return Value : -
 217:../src/renesas/application/r_bcd_camera.c **** ******************************************************************************/
 218:../src/renesas/application/r_bcd_camera.c **** static void MipiInt_isr(e_mipi_interrupt_type_t int_type)
 219:../src/renesas/application/r_bcd_camera.c **** {
 220:../src/renesas/application/r_bcd_camera.c ****     if ((int_type & VIN_INT_SCANLINE) == VIN_INT_SCANLINE)
 221:../src/renesas/application/r_bcd_camera.c ****     {
 222:../src/renesas/application/r_bcd_camera.c ****         st_vin_info_type_t info;
 223:../src/renesas/application/r_bcd_camera.c **** 
 224:../src/renesas/application/r_bcd_camera.c ****         /* Capture complete */
 225:../src/renesas/application/r_bcd_camera.c ****         R_MIPI_GetInfo(&info);
 226:../src/renesas/application/r_bcd_camera.c **** 
 227:../src/renesas/application/r_bcd_camera.c ****         /* settings after capture */
 228:../src/renesas/application/r_bcd_camera.c ****         vdc_captured = (int32_t)mb_manage_table[info.vin_nowcapturebase];
 229:../src/renesas/application/r_bcd_camera.c ****         R_RVAPI_SetBufferMIPI(info.vin_nowcapturebase, &frame_buffer[buff_write_point][0]);
 230:../src/renesas/application/r_bcd_camera.c ****         mb_manage_table[info.vin_nowcapturebase] = buff_write_point;
 231:../src/renesas/application/r_bcd_camera.c ****         SwapPoint(&buff_write_point, R_BCD_CAMERA_FRAME_BUF_NUM);         /* swap buffer point for 
 232:../src/renesas/application/r_bcd_camera.c ****     }
 233:../src/renesas/application/r_bcd_camera.c ****     return;
 234:../src/renesas/application/r_bcd_camera.c **** }   /* End of function MipiInt_isr() */
 235:../src/renesas/application/r_bcd_camera.c **** 
 236:../src/renesas/application/r_bcd_camera.c **** /**********************************************************************
 237:../src/renesas/application/r_bcd_camera.c **** * Function Name: SwapPoint
 238:../src/renesas/application/r_bcd_camera.c **** * Description  : Swap Pointer Function
 239:../src/renesas/application/r_bcd_camera.c **** * Arguments    : point        : Address of pointer value
 240:../src/renesas/application/r_bcd_camera.c ****                  max_point    : Max of pointer value
 241:../src/renesas/application/r_bcd_camera.c **** * Return Value : none
 242:../src/renesas/application/r_bcd_camera.c **** **********************************************************************/
 243:../src/renesas/application/r_bcd_camera.c **** static void SwapPoint (volatile uint32_t * point, uint32_t max_point)
 244:../src/renesas/application/r_bcd_camera.c **** {
  25              		.loc 1 244 0
  26              		.cfi_startproc
  27              		@ args = 0, pretend = 0, frame = 0
  28              		@ frame_needed = 0, uses_anonymous_args = 0
  29              		@ link register save eliminated.
  30              	.LVL0:
 245:../src/renesas/application/r_bcd_camera.c ****     /* This implicit casting is valid because either values are pointer */
 246:../src/renesas/application/r_bcd_camera.c ****     if (point != NULL )
  31              		.loc 1 246 0
  32 0000 000050E3 		cmp	r0, #0
  33 0004 1EFF2F01 		bxeq	lr
 247:../src/renesas/application/r_bcd_camera.c ****     {
 248:../src/renesas/application/r_bcd_camera.c ****         *point = (*point) + 1;
  34              		.loc 1 248 0
  35 0008 003090E5 		ldr	r3, [r0]
  36 000c 013083E2 		add	r3, r3, #1
  37 0010 003080E5 		str	r3, [r0]
 249:../src/renesas/application/r_bcd_camera.c ****         if ((*point) >= max_point)
  38              		.loc 1 249 0
  39 0014 003090E5 		ldr	r3, [r0]
  40 0018 010053E1 		cmp	r3, r1
 250:../src/renesas/application/r_bcd_camera.c ****         {
 251:../src/renesas/application/r_bcd_camera.c ****             *point = 0;
  41              		.loc 1 251 0
  42 001c 0030A023 		movcs	r3, #0
  43 0020 00308025 		strcs	r3, [r0]
  44 0024 1EFF2FE1 		bx	lr
  45              		.cfi_endproc
  46              	.LFE6:
  48              		.section	.text.MipiInt_isr,"ax",%progbits
  49              		.align	2
  50              		.syntax unified
  51              		.arm
  52              		.fpu neon
  54              	MipiInt_isr:
  55              	.LFB5:
 219:../src/renesas/application/r_bcd_camera.c ****     if ((int_type & VIN_INT_SCANLINE) == VIN_INT_SCANLINE)
  56              		.loc 1 219 0
  57              		.cfi_startproc
  58              		@ args = 0, pretend = 0, frame = 8
  59              		@ frame_needed = 0, uses_anonymous_args = 0
  60              	.LVL1:
 220:../src/renesas/application/r_bcd_camera.c ****     {
  61              		.loc 1 220 0
  62 0000 010410E3 		tst	r0, #16777216
  63 0004 1EFF2F01 		bxeq	lr
 219:../src/renesas/application/r_bcd_camera.c ****     if ((int_type & VIN_INT_SCANLINE) == VIN_INT_SCANLINE)
  64              		.loc 1 219 0
  65 0008 30402DE9 		push	{r4, r5, lr}
  66              		.cfi_def_cfa_offset 12
  67              		.cfi_offset 4, -12
  68              		.cfi_offset 5, -8
  69              		.cfi_offset 14, -4
  70 000c 0CD04DE2 		sub	sp, sp, #12
  71              		.cfi_def_cfa_offset 24
  72              	.LBB2:
 225:../src/renesas/application/r_bcd_camera.c **** 
  73              		.loc 1 225 0
  74 0010 04008DE2 		add	r0, sp, #4
  75              	.LVL2:
  76 0014 FEFFFFEB 		bl	R_MIPI_GetInfo
  77              	.LVL3:
 228:../src/renesas/application/r_bcd_camera.c ****         R_RVAPI_SetBufferMIPI(info.vin_nowcapturebase, &frame_buffer[buff_write_point][0]);
  78              		.loc 1 228 0
  79 0018 0700DDE5 		ldrb	r0, [sp, #7]	@ zero_extendqisi2
  80 001c 005000E3 		movw	r5, #:lower16:.LANCHOR0
  81 0020 005040E3 		movt	r5, #:upper16:.LANCHOR0
  82 0024 002195E7 		ldr	r2, [r5, r0, lsl #2]
  83 0028 003000E3 		movw	r3, #:lower16:.LANCHOR1
  84 002c 003040E3 		movt	r3, #:upper16:.LANCHOR1
  85 0030 002083E5 		str	r2, [r3]
 229:../src/renesas/application/r_bcd_camera.c ****         mb_manage_table[info.vin_nowcapturebase] = buff_write_point;
  86              		.loc 1 229 0
  87 0034 004000E3 		movw	r4, #:lower16:.LANCHOR2
  88 0038 004040E3 		movt	r4, #:upper16:.LANCHOR2
  89 003c 002094E5 		ldr	r2, [r4]
  90 0040 003000E3 		movw	r3, #:lower16:.LANCHOR3
  91 0044 003040E3 		movt	r3, #:upper16:.LANCHOR3
  92 0048 E11AA0E3 		mov	r1, #921600
  93 004c 913221E0 		mla	r1, r1, r2, r3
  94 0050 FEFFFFEB 		bl	R_RVAPI_SetBufferMIPI
  95              	.LVL4:
 230:../src/renesas/application/r_bcd_camera.c ****         SwapPoint(&buff_write_point, R_BCD_CAMERA_FRAME_BUF_NUM);         /* swap buffer point for 
  96              		.loc 1 230 0
  97 0054 0730DDE5 		ldrb	r3, [sp, #7]	@ zero_extendqisi2
  98 0058 002094E5 		ldr	r2, [r4]
  99 005c 032185E7 		str	r2, [r5, r3, lsl #2]
 231:../src/renesas/application/r_bcd_camera.c ****     }
 100              		.loc 1 231 0
 101 0060 0110A0E3 		mov	r1, #1
 102 0064 0400A0E1 		mov	r0, r4
 103 0068 FEFFFFEB 		bl	SwapPoint
 104              	.LVL5:
 105              	.LBE2:
 234:../src/renesas/application/r_bcd_camera.c **** 
 106              		.loc 1 234 0
 107 006c 0CD08DE2 		add	sp, sp, #12
 108              		.cfi_def_cfa_offset 12
 109              		@ sp needed
 110 0070 3080BDE8 		pop	{r4, r5, pc}
 111              		.cfi_endproc
 112              	.LFE5:
 114              		.section	.text.R_BCD_CameraGetFrameAddress,"ax",%progbits
 115              		.align	2
 116              		.global	R_BCD_CameraGetFrameAddress
 117              		.syntax unified
 118              		.arm
 119              		.fpu neon
 121              	R_BCD_CameraGetFrameAddress:
 122              	.LFB0:
  67:../src/renesas/application/r_bcd_camera.c ****     return &frame_buffer[index][0];
 123              		.loc 1 67 0
 124              		.cfi_startproc
 125              		@ args = 0, pretend = 0, frame = 0
 126              		@ frame_needed = 0, uses_anonymous_args = 0
 127              		@ link register save eliminated.
 128              	.LVL6:
  68:../src/renesas/application/r_bcd_camera.c **** }   /* End of function R_BCD_CameraGetFrameAddress() */
 129              		.loc 1 68 0
 130 0000 003000E3 		movw	r3, #:lower16:.LANCHOR3
 131 0004 003040E3 		movt	r3, #:upper16:.LANCHOR3
  69:../src/renesas/application/r_bcd_camera.c **** 
 132              		.loc 1 69 0
 133 0008 E12AA0E3 		mov	r2, #921600
 134 000c 923020E0 		mla	r0, r2, r0, r3
 135              	.LVL7:
 136 0010 1EFF2FE1 		bx	lr
 137              		.cfi_endproc
 138              	.LFE0:
 140              		.section	.text.R_BCD_CameraInit,"ax",%progbits
 141              		.align	2
 142              		.global	R_BCD_CameraInit
 143              		.syntax unified
 144              		.arm
 145              		.fpu neon
 147              	R_BCD_CameraInit:
 148              	.LFB1:
  79:../src/renesas/application/r_bcd_camera.c ****     int32_t retval = 0;
 149              		.loc 1 79 0
 150              		.cfi_startproc
 151              		@ args = 0, pretend = 0, frame = 80
 152              		@ frame_needed = 0, uses_anonymous_args = 0
 153 0000 10402DE9 		push	{r4, lr}
 154              		.cfi_def_cfa_offset 8
 155              		.cfi_offset 4, -8
 156              		.cfi_offset 14, -4
 157 0004 50D04DE2 		sub	sp, sp, #80
 158              		.cfi_def_cfa_offset 88
 159              	.LVL8:
  86:../src/renesas/application/r_bcd_camera.c ****     mipi_data.mipi_vc         = CAM_MIPI_SEL_VC;
 160              		.loc 1 86 0
 161 0008 0230A0E3 		mov	r3, #2
 162 000c 3C30CDE5 		strb	r3, [sp, #60]
  87:../src/renesas/application/r_bcd_camera.c ****     mipi_data.mipi_interlace  = MIPI_PROGRESSIVE;
 163              		.loc 1 87 0
 164 0010 0030A0E3 		mov	r3, #0
 165 0014 3D30CDE5 		strb	r3, [sp, #61]
  88:../src/renesas/application/r_bcd_camera.c ****     mipi_data.mipi_laneswap   = CAM_MIPI_LANE_SWAP;
 166              		.loc 1 88 0
 167 0018 3E30CDE5 		strb	r3, [sp, #62]
  89:../src/renesas/application/r_bcd_camera.c ****     mipi_data.mipi_frametop   = 0;
 168              		.loc 1 89 0
 169 001c 3F30CDE5 		strb	r3, [sp, #63]
  90:../src/renesas/application/r_bcd_camera.c ****     mipi_data.mipi_outputrate = CAM_MIPI_TRANSFER_RATE;
 170              		.loc 1 90 0
 171 0020 B034CDE1 		strh	r3, [sp, #64]	@ movhi
  91:../src/renesas/application/r_bcd_camera.c ****     mipi_data.mipi_phy_timing.mipi_ths_prepare  = CAM_MIPI_THS_PREPARE;
 172              		.loc 1 91 0
 173 0024 5020A0E3 		mov	r2, #80
 174 0028 B224CDE1 		strh	r2, [sp, #66]	@ movhi
  92:../src/renesas/application/r_bcd_camera.c ****     mipi_data.mipi_phy_timing.mipi_ths_settle   = CAM_MIPI_THS_SETTLE;
 175              		.loc 1 92 0
 176 002c 0920A0E3 		mov	r2, #9
 177 0030 B424CDE1 		strh	r2, [sp, #68]	@ movhi
  93:../src/renesas/application/r_bcd_camera.c ****     mipi_data.mipi_phy_timing.mipi_tclk_prepare = CAM_MIPI_TCLK_PREPARE;
 178              		.loc 1 93 0
 179 0034 1420A0E3 		mov	r2, #20
 180 0038 B624CDE1 		strh	r2, [sp, #70]	@ movhi
  94:../src/renesas/application/r_bcd_camera.c ****     mipi_data.mipi_phy_timing.mipi_tclk_settle  = CAM_MIPI_TCLK_SETTLE;
 181              		.loc 1 94 0
 182 003c 0A10A0E3 		mov	r1, #10
 183 0040 B814CDE1 		strh	r1, [sp, #72]	@ movhi
  95:../src/renesas/application/r_bcd_camera.c ****     mipi_data.mipi_phy_timing.mipi_tclk_miss    = CAM_MIPI_TCLK_MISS;
 184              		.loc 1 95 0
 185 0044 BA24CDE1 		strh	r2, [sp, #74]	@ movhi
  96:../src/renesas/application/r_bcd_camera.c ****     mipi_data.mipi_phy_timing.mipi_t_init_slave = CAM_MIPI_T_INIT_SLAVE;
 186              		.loc 1 96 0
 187 0048 0320A0E3 		mov	r2, #3
 188 004c BC24CDE1 		strh	r2, [sp, #76]	@ movhi
  97:../src/renesas/application/r_bcd_camera.c ****     
 189              		.loc 1 97 0
 190 0050 F31303E3 		movw	r1, #13299
 191 0054 BE14CDE1 		strh	r1, [sp, #78]	@ movhi
 100:../src/renesas/application/r_bcd_camera.c ****     vin_setup.vin_preclip.vin_preclip_endy   = ((CAM_VIN_PRECLIP_START_Y + CAM_VIN_PRECLIP_WIDTH_Y)
 192              		.loc 1 100 0
 193 0058 B431CDE1 		strh	r3, [sp, #20]	@ movhi
 101:../src/renesas/application/r_bcd_camera.c ****     vin_setup.vin_preclip.vin_preclip_startx = CAM_VIN_PRECLIP_START_X;
 194              		.loc 1 101 0
 195 005c CF1200E3 		movw	r1, #719
 196 0060 B611CDE1 		strh	r1, [sp, #22]	@ movhi
 102:../src/renesas/application/r_bcd_camera.c ****     vin_setup.vin_preclip.vin_preclip_endx   = ((CAM_VIN_PRECLIP_START_X + CAM_VIN_PRECLIP_WIDTH_X)
 197              		.loc 1 102 0
 198 0064 B831CDE1 		strh	r3, [sp, #24]	@ movhi
 103:../src/renesas/application/r_bcd_camera.c ****     vin_setup.vin_inputformat  = CAM_VIN_INPUT_FORMAT;
 199              		.loc 1 103 0
 200 0068 FB1CE0E3 		mvn	r1, #64256
 201 006c BA11CDE1 		strh	r1, [sp, #26]	@ movhi
 104:../src/renesas/application/r_bcd_camera.c ****     vin_setup.vin_outputformat = CAM_VIN_OUTPUT_FORMAT;
 202              		.loc 1 104 0
 203 0070 0410A0E3 		mov	r1, #4
 204 0074 2810CDE5 		strb	r1, [sp, #40]
 105:../src/renesas/application/r_bcd_camera.c ****     vin_setup.vin_outputendian = CAM_VIN_OUTPUT_ENDIAN;
 205              		.loc 1 105 0
 206 0078 2010A0E3 		mov	r1, #32
 207 007c 2910CDE5 		strb	r1, [sp, #41]
 106:../src/renesas/application/r_bcd_camera.c ****     vin_setup.vin_interlace    = VIN_PROGRESSIVE;
 208              		.loc 1 106 0
 209 0080 2A30CDE5 		strb	r3, [sp, #42]
 107:../src/renesas/application/r_bcd_camera.c ****     vin_setup.vin_stride       = CAM_VIN_OUTPUT_IS;
 210              		.loc 1 107 0
 211 0084 2C20CDE5 		strb	r2, [sp, #44]
 108:../src/renesas/application/r_bcd_camera.c ****     vin_setup.vin_ycoffset     = (CAM_VIN_OUTPUT_IS * CAM_VIN_PRECLIP_WIDTH_Y);
 212              		.loc 1 108 0
 213 0088 052CA0E3 		mov	r2, #1280
 214 008c B023CDE1 		strh	r2, [sp, #48]	@ movhi
 109:../src/renesas/application/r_bcd_camera.c ****     vin_setup.vin_input_align  = CAM_VIN_INPUT_YCAL;
 215              		.loc 1 109 0
 216 0090 E12AA0E3 		mov	r2, #921600
 217 0094 34208DE5 		str	r2, [sp, #52]
 110:../src/renesas/application/r_bcd_camera.c ****     vin_setup.vin_output_swap  = CAM_VIN_OUTPUT_BPSM;
 218              		.loc 1 110 0
 219 0098 3830CDE5 		strb	r3, [sp, #56]
 111:../src/renesas/application/r_bcd_camera.c ****     
 220              		.loc 1 111 0
 221 009c 3930CDE5 		strb	r3, [sp, #57]
 114:../src/renesas/application/r_bcd_camera.c **** 
 222              		.loc 1 114 0
 223 00a0 002000E3 		movw	r2, #:lower16:.LANCHOR2
 224 00a4 002040E3 		movt	r2, #:upper16:.LANCHOR2
 225 00a8 003082E5 		str	r3, [r2]
 117:../src/renesas/application/r_bcd_camera.c **** 
 226              		.loc 1 117 0
 227 00ac FEFFFFEB 		bl	Init_Camera
 228              	.LVL9:
 120:../src/renesas/application/r_bcd_camera.c **** 
 229              		.loc 1 120 0
 230 00b0 FEFFFFEB 		bl	R_RVAPI_InitializeMIPI
 231              	.LVL10:
 123:../src/renesas/application/r_bcd_camera.c ****     retval = (result == MIPI_OK) ? 0 : (-1);
 232              		.loc 1 123 0
 233 00b4 3C008DE2 		add	r0, sp, #60
 234 00b8 FEFFFFEB 		bl	R_RVAPI_OpenMIPI
 235              	.LVL11:
 124:../src/renesas/application/r_bcd_camera.c **** 
 236              		.loc 1 124 0
 237 00bc 000050E3 		cmp	r0, #0
 238 00c0 1000001A 		bne	.L13
 239 00c4 0040A0E3 		mov	r4, #0
 240              	.L11:
 241              	.LVL12:
 126:../src/renesas/application/r_bcd_camera.c ****     {
 242              		.loc 1 126 0 discriminator 4
 243 00c8 000054E3 		cmp	r4, #0
 244 00cc 0F00000A 		beq	.L16
 245              	.LVL13:
 246              	.L12:
 247              	.LBB3:
 135:../src/renesas/application/r_bcd_camera.c ****         /* Setting NULL */
 248              		.loc 1 135 0
 249 00d0 0134A0E3 		mov	r3, #16777216
 250 00d4 04308DE5 		str	r3, [sp, #4]
 137:../src/renesas/application/r_bcd_camera.c ****         config.p_vinCallback  = MipiInt_isr;
 251              		.loc 1 137 0
 252 00d8 0030A0E3 		mov	r3, #0
 253 00dc 08308DE5 		str	r3, [sp, #8]
 138:../src/renesas/application/r_bcd_camera.c ****         config.line_num       = R_BCD_CAMERA_HEIGHT - 1;
 254              		.loc 1 138 0
 255 00e0 003000E3 		movw	r3, #:lower16:MipiInt_isr
 256 00e4 003040E3 		movt	r3, #:upper16:MipiInt_isr
 257 00e8 0C308DE5 		str	r3, [sp, #12]
 139:../src/renesas/application/r_bcd_camera.c ****         R_RVAPI_InterruptEnableMIPI( &config );
 258              		.loc 1 139 0
 259 00ec CF3200E3 		movw	r3, #719
 260 00f0 10308DE5 		str	r3, [sp, #16]
 140:../src/renesas/application/r_bcd_camera.c ****     }
 261              		.loc 1 140 0
 262 00f4 04008DE2 		add	r0, sp, #4
 263              	.LVL14:
 264 00f8 FEFFFFEB 		bl	R_RVAPI_InterruptEnableMIPI
 265              	.LVL15:
 266              	.LBE3:
 144:../src/renesas/application/r_bcd_camera.c **** 
 267              		.loc 1 144 0
 268 00fc 0400A0E1 		mov	r0, r4
 269 0100 50D08DE2 		add	sp, sp, #80
 270              		.cfi_remember_state
 271              		.cfi_def_cfa_offset 8
 272              		@ sp needed
 273 0104 1080BDE8 		pop	{r4, pc}
 274              	.LVL16:
 275              	.L13:
 276              		.cfi_restore_state
 124:../src/renesas/application/r_bcd_camera.c **** 
 277              		.loc 1 124 0
 278 0108 0040E0E3 		mvn	r4, #0
 279 010c EDFFFFEA 		b	.L11
 280              	.LVL17:
 281              	.L16:
 128:../src/renesas/application/r_bcd_camera.c ****         retval = (result == MIPI_OK) ? 0 : (-1);
 282              		.loc 1 128 0
 283 0110 14008DE2 		add	r0, sp, #20
 284              	.LVL18:
 285 0114 FEFFFFEB 		bl	R_RVAPI_SetupMIPI
 286              	.LVL19:
 129:../src/renesas/application/r_bcd_camera.c ****     }
 287              		.loc 1 129 0
 288 0118 000050E3 		cmp	r0, #0
 289 011c 0040E013 		mvnne	r4, #0
 290              	.LVL20:
 291 0120 EAFFFFEA 		b	.L12
 292              		.cfi_endproc
 293              	.LFE1:
 295              		.section	.text.R_BCD_CameraCaptureStart,"ax",%progbits
 296              		.align	2
 297              		.global	R_BCD_CameraCaptureStart
 298              		.syntax unified
 299              		.arm
 300              		.fpu neon
 302              	R_BCD_CameraCaptureStart:
 303              	.LFB2:
 154:../src/renesas/application/r_bcd_camera.c ****     int32_t retval = 0;
 304              		.loc 1 154 0
 305              		.cfi_startproc
 306              		@ args = 0, pretend = 0, frame = 0
 307              		@ frame_needed = 0, uses_anonymous_args = 0
 308 0000 70402DE9 		push	{r4, r5, r6, lr}
 309              		.cfi_def_cfa_offset 16
 310              		.cfi_offset 4, -16
 311              		.cfi_offset 5, -12
 312              		.cfi_offset 6, -8
 313              		.cfi_offset 14, -4
 314              	.LVL21:
 160:../src/renesas/application/r_bcd_camera.c ****     {
 315              		.loc 1 160 0
 316 0004 0050A0E3 		mov	r5, #0
 317 0008 100000EA 		b	.L18
 318              	.LVL22:
 319              	.L19:
 163:../src/renesas/application/r_bcd_camera.c ****         mb_manage_table[count] = buff_write_point;
 320              		.loc 1 163 0 discriminator 3
 321 000c 004000E3 		movw	r4, #:lower16:.LANCHOR2
 322 0010 004040E3 		movt	r4, #:upper16:.LANCHOR2
 323 0014 002094E5 		ldr	r2, [r4]
 324 0018 003000E3 		movw	r3, #:lower16:.LANCHOR3
 325 001c 003040E3 		movt	r3, #:upper16:.LANCHOR3
 326 0020 E11AA0E3 		mov	r1, #921600
 327 0024 913221E0 		mla	r1, r1, r2, r3
 328 0028 7500EFE6 		uxtb	r0, r5
 329 002c FEFFFFEB 		bl	R_RVAPI_SetBufferMIPI
 330              	.LVL23:
 164:../src/renesas/application/r_bcd_camera.c ****         SwapPoint(&buff_write_point, R_BCD_CAMERA_FRAME_BUF_NUM);
 331              		.loc 1 164 0 discriminator 3
 332 0030 002094E5 		ldr	r2, [r4]
 333 0034 003000E3 		movw	r3, #:lower16:.LANCHOR0
 334 0038 003040E3 		movt	r3, #:upper16:.LANCHOR0
 335 003c 052183E7 		str	r2, [r3, r5, lsl #2]
 165:../src/renesas/application/r_bcd_camera.c ****     }
 336              		.loc 1 165 0 discriminator 3
 337 0040 0110A0E3 		mov	r1, #1
 338 0044 0400A0E1 		mov	r0, r4
 339 0048 FEFFFFEB 		bl	SwapPoint
 340              	.LVL24:
 160:../src/renesas/application/r_bcd_camera.c ****     {
 341              		.loc 1 160 0 discriminator 3
 342 004c 015085E2 		add	r5, r5, #1
 343              	.LVL25:
 344              	.L18:
 160:../src/renesas/application/r_bcd_camera.c ****     {
 345              		.loc 1 160 0 is_stmt 0 discriminator 1
 346 0050 020055E3 		cmp	r5, #2
 347 0054 ECFFFF9A 		bls	.L19
 167:../src/renesas/application/r_bcd_camera.c ****     retval = (result == MIPI_OK) ? 0 : (-1);
 348              		.loc 1 167 0 is_stmt 1
 349 0058 FEFFFFEB 		bl	R_RVAPI_CaptureStartMIPI
 350              	.LVL26:
 168:../src/renesas/application/r_bcd_camera.c **** 
 351              		.loc 1 168 0
 352 005c 000050E3 		cmp	r0, #0
 353 0060 0300001A 		bne	.L21
 354 0064 0040A0E3 		mov	r4, #0
 355              	.L20:
 356              	.LVL27:
 171:../src/renesas/application/r_bcd_camera.c **** 
 357              		.loc 1 171 0 discriminator 4
 358 0068 FEFFFFEB 		bl	Start_Camera
 359              	.LVL28:
 174:../src/renesas/application/r_bcd_camera.c **** 
 360              		.loc 1 174 0 discriminator 4
 361 006c 0400A0E1 		mov	r0, r4
 362 0070 7080BDE8 		pop	{r4, r5, r6, pc}
 363              	.LVL29:
 364              	.L21:
 168:../src/renesas/application/r_bcd_camera.c **** 
 365              		.loc 1 168 0
 366 0074 0040E0E3 		mvn	r4, #0
 367 0078 FAFFFFEA 		b	.L20
 368              		.cfi_endproc
 369              	.LFE2:
 371              		.section	.text.R_BCD_CameraGetCaptureStatus,"ax",%progbits
 372              		.align	2
 373              		.global	R_BCD_CameraGetCaptureStatus
 374              		.syntax unified
 375              		.arm
 376              		.fpu neon
 378              	R_BCD_CameraGetCaptureStatus:
 379              	.LFB3:
 191:../src/renesas/application/r_bcd_camera.c ****     return vdc_captured;
 380              		.loc 1 191 0
 381              		.cfi_startproc
 382              		@ args = 0, pretend = 0, frame = 0
 383              		@ frame_needed = 0, uses_anonymous_args = 0
 384              		@ link register save eliminated.
 192:../src/renesas/application/r_bcd_camera.c **** }   /* End of function R_BCD_CameraGetCaptureStatus() */
 385              		.loc 1 192 0
 386 0000 003000E3 		movw	r3, #:lower16:.LANCHOR1
 387 0004 003040E3 		movt	r3, #:upper16:.LANCHOR1
 388 0008 000093E5 		ldr	r0, [r3]
 193:../src/renesas/application/r_bcd_camera.c **** 
 389              		.loc 1 193 0
 390 000c 1EFF2FE1 		bx	lr
 391              		.cfi_endproc
 392              	.LFE3:
 394              		.section	.text.R_BCD_CameraClearCaptureStatus,"ax",%progbits
 395              		.align	2
 396              		.global	R_BCD_CameraClearCaptureStatus
 397              		.syntax unified
 398              		.arm
 399              		.fpu neon
 401              	R_BCD_CameraClearCaptureStatus:
 402              	.LFB4:
 203:../src/renesas/application/r_bcd_camera.c ****     vdc_captured = R_BCD_CAMERA_NOT_CAPTURED;
 403              		.loc 1 203 0
 404              		.cfi_startproc
 405              		@ args = 0, pretend = 0, frame = 0
 406              		@ frame_needed = 0, uses_anonymous_args = 0
 407              		@ link register save eliminated.
 204:../src/renesas/application/r_bcd_camera.c **** 
 408              		.loc 1 204 0
 409 0000 003000E3 		movw	r3, #:lower16:.LANCHOR1
 410 0004 003040E3 		movt	r3, #:upper16:.LANCHOR1
 411 0008 0020E0E3 		mvn	r2, #0
 412 000c 002083E5 		str	r2, [r3]
 413 0010 1EFF2FE1 		bx	lr
 414              		.cfi_endproc
 415              	.LFE4:
 417              		.section	.bss.buff_write_point,"aw",%nobits
 418              		.align	2
 419              		.set	.LANCHOR2,. + 0
 422              	buff_write_point:
 423 0000 00000000 		.space	4
 424              		.section	.bss.mb_manage_table,"aw",%nobits
 425              		.align	2
 426              		.set	.LANCHOR0,. + 0
 429              	mb_manage_table:
 430 0000 00000000 		.space	12
 430      00000000 
 430      00000000 
 431              		.section	.data.vdc_captured,"aw",%progbits
 432              		.align	2
 433              		.set	.LANCHOR1,. + 0
 436              	vdc_captured:
 437 0000 FFFFFFFF 		.word	-1
 438              		.section	Capture_RAM,"aw",%progbits
 439              		.align	2
 440              		.set	.LANCHOR3,. + 0
 443              	frame_buffer:
 444 0000 00000000 		.space	921600
 444      00000000 
 444      00000000 
 444      00000000 
 444      00000000 
 445              		.text
 446              	.Letext0:
 447              		.file 2 "/home/zkmike/.local/share/renesas/e2_studio/toolchains/gcc_arm/gcc-arm-none-eabi-6-2017-q
 448              		.file 3 "/home/zkmike/.local/share/renesas/e2_studio/toolchains/gcc_arm/gcc-arm-none-eabi-6-2017-q
 449              		.file 4 "/home/zkmike/.local/share/renesas/e2_studio/toolchains/gcc_arm/gcc-arm-none-eabi-6-2017-q
 450              		.file 5 "/home/zkmike/.local/share/renesas/e2_studio/toolchains/gcc_arm/gcc-arm-none-eabi-6-2017-q
 451              		.file 6 "/home/zkmike/.local/share/renesas/e2_studio/toolchains/gcc_arm/gcc-arm-none-eabi-6-2017-q
 452              		.file 7 "/home/zkmike/.local/share/renesas/e2_studio/toolchains/gcc_arm/gcc-arm-none-eabi-6-2017-q
 453              		.file 8 "/home/zkmike/.local/share/renesas/e2_studio/toolchains/gcc_arm/gcc-arm-none-eabi-6-2017-q
 454              		.file 9 "/home/zkmike/workspace/RZA2M/rza2m_2d_barcode_sample_freertos_gcc/generate/sc_drivers/r_m
 455              		.file 10 "/home/zkmike/workspace/RZA2M/rza2m_2d_barcode_sample_freertos_gcc/generate/drivers/r_int
 456              		.file 11 "/home/zkmike/workspace/RZA2M/rza2m_2d_barcode_sample_freertos_gcc/generate/sc_drivers/r_
 457              		.file 12 "/home/zkmike/workspace/RZA2M/rza2m_2d_barcode_sample_freertos_gcc/src/renesas/applicatio
DEFINED SYMBOLS
                            *ABS*:0000000000000000 r_bcd_camera.c
     /tmp/ccbuAJxt.s:17     .text.SwapPoint:0000000000000000 $a
     /tmp/ccbuAJxt.s:22     .text.SwapPoint:0000000000000000 SwapPoint
     /tmp/ccbuAJxt.s:49     .text.MipiInt_isr:0000000000000000 $a
     /tmp/ccbuAJxt.s:54     .text.MipiInt_isr:0000000000000000 MipiInt_isr
     /tmp/ccbuAJxt.s:426    .bss.mb_manage_table:0000000000000000 .LANCHOR0
     /tmp/ccbuAJxt.s:433    .data.vdc_captured:0000000000000000 .LANCHOR1
     /tmp/ccbuAJxt.s:419    .bss.buff_write_point:0000000000000000 .LANCHOR2
     /tmp/ccbuAJxt.s:440    Capture_RAM:0000000000000000 .LANCHOR3
     /tmp/ccbuAJxt.s:115    .text.R_BCD_CameraGetFrameAddress:0000000000000000 $a
     /tmp/ccbuAJxt.s:121    .text.R_BCD_CameraGetFrameAddress:0000000000000000 R_BCD_CameraGetFrameAddress
     /tmp/ccbuAJxt.s:141    .text.R_BCD_CameraInit:0000000000000000 $a
     /tmp/ccbuAJxt.s:147    .text.R_BCD_CameraInit:0000000000000000 R_BCD_CameraInit
     /tmp/ccbuAJxt.s:296    .text.R_BCD_CameraCaptureStart:0000000000000000 $a
     /tmp/ccbuAJxt.s:302    .text.R_BCD_CameraCaptureStart:0000000000000000 R_BCD_CameraCaptureStart
     /tmp/ccbuAJxt.s:372    .text.R_BCD_CameraGetCaptureStatus:0000000000000000 $a
     /tmp/ccbuAJxt.s:378    .text.R_BCD_CameraGetCaptureStatus:0000000000000000 R_BCD_CameraGetCaptureStatus
     /tmp/ccbuAJxt.s:395    .text.R_BCD_CameraClearCaptureStatus:0000000000000000 $a
     /tmp/ccbuAJxt.s:401    .text.R_BCD_CameraClearCaptureStatus:0000000000000000 R_BCD_CameraClearCaptureStatus
     /tmp/ccbuAJxt.s:418    .bss.buff_write_point:0000000000000000 $d
     /tmp/ccbuAJxt.s:422    .bss.buff_write_point:0000000000000000 buff_write_point
     /tmp/ccbuAJxt.s:425    .bss.mb_manage_table:0000000000000000 $d
     /tmp/ccbuAJxt.s:429    .bss.mb_manage_table:0000000000000000 mb_manage_table
     /tmp/ccbuAJxt.s:432    .data.vdc_captured:0000000000000000 $d
     /tmp/ccbuAJxt.s:436    .data.vdc_captured:0000000000000000 vdc_captured
     /tmp/ccbuAJxt.s:439    Capture_RAM:0000000000000000 $d
     /tmp/ccbuAJxt.s:443    Capture_RAM:0000000000000000 frame_buffer
                     .debug_frame:0000000000000010 $d
                           .group:0000000000000000 wm4.0.651efe9c2abf2660cab0fe434bc203fa
                           .group:0000000000000000 wm4.stddef.h.39.a38874c8f8a57e66301090908ec2a69f
                           .group:0000000000000000 wm4._newlib_version.h.4.3572908597b70d672d181fc7fc501c19
                           .group:0000000000000000 wm4.features.h.33.d97f2d646536517df901beeb5b9993f5
                           .group:0000000000000000 wm4._default_types.h.15.247e5cd201eca3442cbf5404108c4935
                           .group:0000000000000000 wm4._intsup.h.10.cce27fed8484c08a33f522034c30d2b5
                           .group:0000000000000000 wm4._stdint.h.10.c24fa3af3bc1706662bb5593a907e841
                           .group:0000000000000000 wm4.stdint.h.23.d53047a68f4a85177f80b422d52785ed
                           .group:0000000000000000 wm4.newlib.h.8.5f2124c7e712be65f83b91ff86a0b1c1
                           .group:0000000000000000 wm4.config.h.219.65a553ab5bef5482f0d7880b0d33015e
                           .group:0000000000000000 wm4._ansi.h.23.9f8fcfa20193763fcf364fb91705c94b
                           .group:0000000000000000 wm4.lock.h.2.1461d1fff82dffe8bfddc23307f6484f
                           .group:0000000000000000 wm4._types.h.125.5cf8a495f1f7ef36777ad868a1e32068
                           .group:0000000000000000 wm4.stddef.h.161.5349cb105733e8777bfb0cf53c4e3f34
                           .group:0000000000000000 wm4._types.h.183.c226d164ceca1f2ecb9ae9360c54a098
                           .group:0000000000000000 wm4.reent.h.17.23b059516345f8f5abfa01ddc379570f
                           .group:0000000000000000 wm4.cdefs.h.47.e658329a094974ebad41b40c60502de7
                           .group:0000000000000000 wm4.math.h.13.adb102f7bd7860b1f241e149d6914a1e
                           .group:0000000000000000 wm4.r_typedefs.h.38.e90d9de5300d9ae020e5db8c5af88b3e
                           .group:0000000000000000 wm4.mipi_camera.h.25.be6225dfafda6e2e1c67275eaeb708d4
                           .group:0000000000000000 wm4.adc_iodefine.h.29.14c6f50dce37432a7d004e4b1ce33da7
                           .group:0000000000000000 wm4.bsc_iodefine.h.29.9281d1f3639266933964d6d0c2d42c4f
                           .group:0000000000000000 wm4.ceu_iodefine.h.29.2a669d0b46fdde030a50db9e3c307fbf
                           .group:0000000000000000 wm4.cpg_iodefine.h.29.d6fdc9cb4798723afd88b251d64c2ce2
                           .group:0000000000000000 wm4.csi2link_iodefine.h.29.221c4531636a409f24d307b16341ada8
                           .group:0000000000000000 wm4.dmac_iodefine.h.29.578fccc2cc1da886ec95a029bf874f01
                           .group:0000000000000000 wm4.drpk_iodefine.h.29.580eb8588a2b2d43d2726fbe791e513f
                           .group:0000000000000000 wm4.drw_iodefine.h.29.df30f4a4a34a79f6a86c4df91353dffe
                           .group:0000000000000000 wm4.edmac_iodefine.h.29.33e8759349004a722f42f5429c1353f6
                           .group:0000000000000000 wm4.eptpc_iodefine.h.29.74d8f9fab0f5549b56097fb9e937dde8
                           .group:0000000000000000 wm4.etherc_iodefine.h.29.14602750383a574f1c21f994ad33a366
                           .group:0000000000000000 wm4.gpio_iodefine.h.29.3d0b021c56839cee4ae5149903684e4b
                           .group:0000000000000000 wm4.gpt_iodefine.h.29.557ead75d7b0585b898d3898b64c7f87
                           .group:0000000000000000 wm4.hyper_iodefine.h.29.000caadbb74d881e97db55b39b432154
                           .group:0000000000000000 wm4.imr_iodefine.h.29.77c022f017e711c4d51cc0145db1dad3
                           .group:0000000000000000 wm4.intc_iodefine.h.29.b68f5799a35a7495d63b4cd458e1ba57
                           .group:0000000000000000 wm4.irda_iodefine.h.29.37e67bd2005173d68a74d1cc937d8444
                           .group:0000000000000000 wm4.jcu_iodefine.h.29.3aca452908962e7a7ccf26164751feda
                           .group:0000000000000000 wm4.lvds_iodefine.h.29.c11cbe1900e5209c8dcc76c2336c16bc
                           .group:0000000000000000 wm4.mtu_iodefine.h.29.5498fb974bb53caf05aa143c2deec781
                           .group:0000000000000000 wm4.nandc_iodefine.h.29.e0b343306750f017ee86e169ad98efe9
                           .group:0000000000000000 wm4.octa_iodefine.h.29.4cb0d62e4b9633e173858000dc1c626c
                           .group:0000000000000000 wm4.ostm_iodefine.h.29.6914f7e330a1cf0008b34219adcdfed4
                           .group:0000000000000000 wm4.pl_iodefine.h.29.abbb6d725aed990aa8343242bfe31416
                           .group:0000000000000000 wm4.pmg_iodefine.h.29.8bcfbc4771a6f9b7dd4d6f504427219e
                           .group:0000000000000000 wm4.poeg_iodefine.h.29.0d8e258d10986260cbc70cfb8c0ef273
                           .group:0000000000000000 wm4.poe_iodefine.h.29.fe74e55e7b6b4afbe3596c74ba035e98
                           .group:0000000000000000 wm4.prr_iodefine.h.29.c1f15576f7a27b9c83aa3b40f5b2f988
                           .group:0000000000000000 wm4.ptpedmac_iodefine.h.29.cd24a93374ce35cebc41e26889d619ef
                           .group:0000000000000000 wm4.rcanfd_iodefine.h.29.532dd48b82fcb61d63538aba4b6f1289
                           .group:0000000000000000 wm4.rcan_iodefine.h.29.a47a89db1b35c12b54af48fa1956acba
                           .group:0000000000000000 wm4.riic_iodefine.h.29.f96943d49800d297612c4af3bba5c943
                           .group:0000000000000000 wm4.rspi_iodefine.h.29.7efa041fe34a7d27db66a7b337879dfe
                           .group:0000000000000000 wm4.rtc_iodefine.h.29.6dc76be5ca3df69cecb5a81d06cc46b5
                           .group:0000000000000000 wm4.scifa_iodefine.h.29.b04ccd664d71baaf31c75761c45b9c4d
                           .group:0000000000000000 wm4.scim_iodefine.h.29.87d0760abf94446b00d826c797bf0ff2
                           .group:0000000000000000 wm4.sdmmc_iodefine.h.29.e67e9815445e8057a3262d1566bea0db
                           .group:0000000000000000 wm4.spdif_iodefine.h.29.59f5d70150fa200a4d8ee50be1ee34c8
                           .group:0000000000000000 wm4.spibsc_iodefine.h.29.f4930f8b8da1140200204513a363c76f
                           .group:0000000000000000 wm4.sprite_iodefine.h.29.55796d1fa083a2457fea4ece974a192e
                           .group:0000000000000000 wm4.ssif_iodefine.h.29.054ec6d95f487f631f16aee39c85c47a
                           .group:0000000000000000 wm4.usb_iodefine.h.29.6dc44ea388ba227e8fdcfb33c315887b
                           .group:0000000000000000 wm4.vdc_iodefine.h.29.db282ded1f052d8567fbbd3b61ce8f7a
                           .group:0000000000000000 wm4.vin_iodefine.h.29.9b392e5601347d53e64be3272934e170
                           .group:0000000000000000 wm4.wdt_iodefine.h.29.ed07bb44b797072f8c28b41c64fdca30
                           .group:0000000000000000 wm4.r_mipi_user.h.32.80935d64668479eae19d7b52f81717b2
                           .group:0000000000000000 wm4.camera_imx219_b.h.30.45b15205e786e34c39f8b2b9589f011d
                           .group:0000000000000000 wm4.r_bcd_camera.h.41.19e74d7c12a905cea1aa20b891adaf9f
                           .group:0000000000000000 wm4.driver.h.34.180df73e0731406f5e50150641059ede
                           .group:0000000000000000 wm4.r_intc_lld_rza2m.h.35.148dee33e6a963828fdce2545668b517

UNDEFINED SYMBOLS
R_MIPI_GetInfo
R_RVAPI_SetBufferMIPI
Init_Camera
R_RVAPI_InitializeMIPI
R_RVAPI_OpenMIPI
R_RVAPI_InterruptEnableMIPI
R_RVAPI_SetupMIPI
R_RVAPI_CaptureStartMIPI
Start_Camera
