   1              		.cpu cortex-a9
   2              		.eabi_attribute 28, 1
   3              		.eabi_attribute 20, 1
   4              		.eabi_attribute 21, 1
   5              		.eabi_attribute 23, 3
   6              		.eabi_attribute 24, 1
   7              		.eabi_attribute 25, 1
   8              		.eabi_attribute 26, 1
   9              		.eabi_attribute 30, 1
  10              		.eabi_attribute 34, 0
  11              		.eabi_attribute 18, 4
  12              		.file	"BarcodeFormat.cpp"
  13              		.text
  14              	.Ltext0:
  15              		.cfi_sections	.debug_frame
  16              		.global	_ZN5zxing13BarcodeFormat18barcodeFormatNamesE
  17              		.section	.data._ZN5zxing13BarcodeFormat18barcodeFormatNamesE,"aw",%progbits
  18              		.align	2
  21              	_ZN5zxing13BarcodeFormat18barcodeFormatNamesE:
  22 0000 00000000 		.word	0
  23 0004 00000000 		.word	.LC0
  24 0008 08000000 		.word	.LC1
  25 000c 10000000 		.word	.LC2
  26 0010 18000000 		.word	.LC3
  27 0014 20000000 		.word	.LC4
  28 0018 2C000000 		.word	.LC5
  29 001c 38000000 		.word	.LC6
  30 0020 40000000 		.word	.LC7
  31 0024 48000000 		.word	.LC8
  32 0028 4C000000 		.word	.LC9
  33 002c 58000000 		.word	.LC10
  34 0030 60000000 		.word	.LC11
  35 0034 68000000 		.word	.LC12
  36 0038 70000000 		.word	.LC13
  37 003c 80000000 		.word	.LC14
  38 0040 88000000 		.word	.LC15
  39 0044 90000000 		.word	.LC16
  40              		.section	.rodata.str1.4,"aMS",%progbits,1
  41              		.align	2
  42              	.LC0:
  43 0000 415A5445 		.ascii	"AZTEC\000"
  43      4300
  44 0006 0000     		.space	2
  45              	.LC1:
  46 0008 434F4441 		.ascii	"CODABAR\000"
  46      42415200 
  47              	.LC2:
  48 0010 434F4445 		.ascii	"CODE_39\000"
  48      5F333900 
  49              	.LC3:
  50 0018 434F4445 		.ascii	"CODE_93\000"
  50      5F393300 
  51              	.LC4:
  52 0020 434F4445 		.ascii	"CODE_128\000"
  52      5F313238 
  52      00
  53 0029 000000   		.space	3
  54              	.LC5:
  55 002c 44415441 		.ascii	"DATA_MATRIX\000"
  55      5F4D4154 
  55      52495800 
  56              	.LC6:
  57 0038 45414E5F 		.ascii	"EAN_8\000"
  57      3800
  58 003e 0000     		.space	2
  59              	.LC7:
  60 0040 45414E5F 		.ascii	"EAN_13\000"
  60      313300
  61 0047 00       		.space	1
  62              	.LC8:
  63 0048 49544600 		.ascii	"ITF\000"
  64              	.LC9:
  65 004c 4D415849 		.ascii	"MAXICODE\000"
  65      434F4445 
  65      00
  66 0055 000000   		.space	3
  67              	.LC10:
  68 0058 5044465F 		.ascii	"PDF_417\000"
  68      34313700 
  69              	.LC11:
  70 0060 51525F43 		.ascii	"QR_CODE\000"
  70      4F444500 
  71              	.LC12:
  72 0068 5253535F 		.ascii	"RSS_14\000"
  72      313400
  73 006f 00       		.space	1
  74              	.LC13:
  75 0070 5253535F 		.ascii	"RSS_EXPANDED\000"
  75      45585041 
  75      4E444544 
  75      00
  76 007d 000000   		.space	3
  77              	.LC14:
  78 0080 5550435F 		.ascii	"UPC_A\000"
  78      4100
  79 0086 0000     		.space	2
  80              	.LC15:
  81 0088 5550435F 		.ascii	"UPC_E\000"
  81      4500
  82 008e 0000     		.space	2
  83              	.LC16:
  84 0090 5550435F 		.ascii	"UPC_EAN_EXTENSION\000"
  84      45414E5F 
  84      45585445 
  84      4E53494F 
  84      4E00
  85              		.text
  86              	.Letext0:
  87              		.file 1 "/home/zkmike/workspace/RZA2M/rza2m_2d_barcode_sample_freertos_gcc/src/zxing_lib/zxing/Bar
  88              		.file 2 "../src/zxing_lib/zxing/BarcodeFormat.cpp"
DEFINED SYMBOLS
                            *ABS*:0000000000000000 BarcodeFormat.cpp
     /tmp/ccqToQyb.s:21     .data._ZN5zxing13BarcodeFormat18barcodeFormatNamesE:0000000000000000 _ZN5zxing13BarcodeFormat18barcodeFormatNamesE
     /tmp/ccqToQyb.s:18     .data._ZN5zxing13BarcodeFormat18barcodeFormatNamesE:0000000000000000 $d
     /tmp/ccqToQyb.s:41     .rodata.str1.4:0000000000000000 $d
                           .group:0000000000000000 wm4.0.cd1e96de8a8c4f34e746a820772853ad

NO UNDEFINED SYMBOLS
