   1              		.cpu cortex-a9
   2              		.eabi_attribute 28, 1
   3              		.eabi_attribute 20, 1
   4              		.eabi_attribute 21, 1
   5              		.eabi_attribute 23, 3
   6              		.eabi_attribute 24, 1
   7              		.eabi_attribute 25, 1
   8              		.eabi_attribute 26, 1
   9              		.eabi_attribute 30, 1
  10              		.eabi_attribute 34, 0
  11              		.eabi_attribute 18, 4
  12              		.file	"OneDResultPoint.cpp"
  13              		.text
  14              	.Ltext0:
  15              		.cfi_sections	.debug_frame
  16              		.section	.text._ZN5zxing4oned15OneDResultPointD2Ev,"axG",%progbits,_ZN5zxing4oned15OneDResultPoint
  17              		.align	2
  18              		.weak	_ZN5zxing4oned15OneDResultPointD2Ev
  19              		.syntax unified
  20              		.arm
  21              		.fpu neon
  23              	_ZN5zxing4oned15OneDResultPointD2Ev:
  24              		.fnstart
  25              	.LFB2451:
  26              		.file 1 "../src/zxing_lib/zxing/oned/OneDResultPoint.h"
   1:../src/zxing_lib/zxing/oned/OneDResultPoint.h **** #ifndef __ONED_RESULT_POINT_H__
   2:../src/zxing_lib/zxing/oned/OneDResultPoint.h **** #define __ONED_RESULT_POINT_H__
   3:../src/zxing_lib/zxing/oned/OneDResultPoint.h **** /*
   4:../src/zxing_lib/zxing/oned/OneDResultPoint.h ****  *  OneDResultPoint.h
   5:../src/zxing_lib/zxing/oned/OneDResultPoint.h ****  *  ZXing
   6:../src/zxing_lib/zxing/oned/OneDResultPoint.h ****  *
   7:../src/zxing_lib/zxing/oned/OneDResultPoint.h ****  *  Copyright 2010 ZXing authors All rights reserved.
   8:../src/zxing_lib/zxing/oned/OneDResultPoint.h ****  *
   9:../src/zxing_lib/zxing/oned/OneDResultPoint.h ****  * Licensed under the Apache License, Version 2.0 (the "License");
  10:../src/zxing_lib/zxing/oned/OneDResultPoint.h ****  * you may not use this file except in compliance with the License.
  11:../src/zxing_lib/zxing/oned/OneDResultPoint.h ****  * You may obtain a copy of the License at
  12:../src/zxing_lib/zxing/oned/OneDResultPoint.h ****  *
  13:../src/zxing_lib/zxing/oned/OneDResultPoint.h ****  *      http://www.apache.org/licenses/LICENSE-2.0
  14:../src/zxing_lib/zxing/oned/OneDResultPoint.h ****  *
  15:../src/zxing_lib/zxing/oned/OneDResultPoint.h ****  * Unless required by applicable law or agreed to in writing, software
  16:../src/zxing_lib/zxing/oned/OneDResultPoint.h ****  * distributed under the License is distributed on an "AS IS" BASIS,
  17:../src/zxing_lib/zxing/oned/OneDResultPoint.h ****  * WITHOUT WARRANTIES OR CONDITIONS OF ANY KIND, either express or implied.
  18:../src/zxing_lib/zxing/oned/OneDResultPoint.h ****  * See the License for the specific language governing permissions and
  19:../src/zxing_lib/zxing/oned/OneDResultPoint.h ****  * limitations under the License.
  20:../src/zxing_lib/zxing/oned/OneDResultPoint.h ****  */
  21:../src/zxing_lib/zxing/oned/OneDResultPoint.h **** #include <zxing/ResultPoint.h>
  22:../src/zxing_lib/zxing/oned/OneDResultPoint.h **** #include <cmath>
  23:../src/zxing_lib/zxing/oned/OneDResultPoint.h **** 
  24:../src/zxing_lib/zxing/oned/OneDResultPoint.h **** namespace zxing {
  25:../src/zxing_lib/zxing/oned/OneDResultPoint.h **** 	namespace oned {
  26:../src/zxing_lib/zxing/oned/OneDResultPoint.h **** 		
  27:../src/zxing_lib/zxing/oned/OneDResultPoint.h **** 		class OneDResultPoint : public ResultPoint {
  27              		.loc 1 27 0
  28              		.cfi_startproc
  29              		@ args = 0, pretend = 0, frame = 0
  30              		@ frame_needed = 0, uses_anonymous_args = 0
  31              	.LVL0:
  32 0000 10402DE9 		push	{r4, lr}
  33              		.cfi_def_cfa_offset 8
  34              		.cfi_offset 4, -8
  35              		.cfi_offset 14, -4
  36 0004 0040A0E1 		mov	r4, r0
  37              	.LBB5:
  38              		.loc 1 27 0
  39 0008 0C309FE5 		ldr	r3, .L3
  40 000c 003080E5 		str	r3, [r0]
  41 0010 FEFFFFEB 		bl	_ZN5zxing11ResultPointD2Ev
  42              	.LVL1:
  43              	.LBE5:
  44 0014 0400A0E1 		mov	r0, r4
  45 0018 1080BDE8 		pop	{r4, pc}
  46              	.L4:
  47              		.align	2
  48              	.L3:
  49 001c 08000000 		.word	_ZTVN5zxing4oned15OneDResultPointE+8
  50              		.cfi_endproc
  51              	.LFE2451:
  52              		.cantunwind
  53              		.fnend
  55              		.weak	_ZN5zxing4oned15OneDResultPointD1Ev
  56              		.set	_ZN5zxing4oned15OneDResultPointD1Ev,_ZN5zxing4oned15OneDResultPointD2Ev
  57              		.section	.text._ZN5zxing4oned15OneDResultPointD0Ev,"axG",%progbits,_ZN5zxing4oned15OneDResultPoint
  58              		.align	2
  59              		.weak	_ZN5zxing4oned15OneDResultPointD0Ev
  60              		.syntax unified
  61              		.arm
  62              		.fpu neon
  64              	_ZN5zxing4oned15OneDResultPointD0Ev:
  65              		.fnstart
  66              	.LFB2453:
  67              		.loc 1 27 0
  68              		.cfi_startproc
  69              		@ args = 0, pretend = 0, frame = 0
  70              		@ frame_needed = 0, uses_anonymous_args = 0
  71              	.LVL2:
  72 0000 10402DE9 		push	{r4, lr}
  73              		.cfi_def_cfa_offset 8
  74              		.cfi_offset 4, -8
  75              		.cfi_offset 14, -4
  76 0004 0040A0E1 		mov	r4, r0
  77              	.LVL3:
  78              	.LBB6:
  79              	.LBB7:
  80              		.loc 1 27 0
  81 0008 18309FE5 		ldr	r3, .L7
  82 000c 003080E5 		str	r3, [r0]
  83 0010 FEFFFFEB 		bl	_ZN5zxing11ResultPointD2Ev
  84              	.LVL4:
  85              	.LBE7:
  86              	.LBE6:
  87 0014 1010A0E3 		mov	r1, #16
  88 0018 0400A0E1 		mov	r0, r4
  89 001c FEFFFFEB 		bl	_ZdlPvj
  90              	.LVL5:
  91 0020 0400A0E1 		mov	r0, r4
  92 0024 1080BDE8 		pop	{r4, pc}
  93              	.L8:
  94              		.align	2
  95              	.L7:
  96 0028 08000000 		.word	_ZTVN5zxing4oned15OneDResultPointE+8
  97              		.cfi_endproc
  98              	.LFE2453:
  99              		.cantunwind
 100              		.fnend
 102              		.section	.text._Z41__static_initialization_and_destruction_0ii,"ax",%progbits
 103              		.align	2
 104              		.syntax unified
 105              		.arm
 106              		.fpu neon
 108              	_Z41__static_initialization_and_destruction_0ii:
 109              		.fnstart
 110              	.LFB2454:
 111              		.file 2 "../src/zxing_lib/zxing/oned/OneDResultPoint.cpp"
   1:../src/zxing_lib/zxing/oned/OneDResultPoint.cpp **** /*
   2:../src/zxing_lib/zxing/oned/OneDResultPoint.cpp ****  *  OneDResultPoint.cpp
   3:../src/zxing_lib/zxing/oned/OneDResultPoint.cpp ****  *  ZXing
   4:../src/zxing_lib/zxing/oned/OneDResultPoint.cpp ****  *
   5:../src/zxing_lib/zxing/oned/OneDResultPoint.cpp ****  *  Copyright 2010 ZXing authors All rights reserved.
   6:../src/zxing_lib/zxing/oned/OneDResultPoint.cpp ****  *
   7:../src/zxing_lib/zxing/oned/OneDResultPoint.cpp ****  * Licensed under the Apache License, Version 2.0 (the "License");
   8:../src/zxing_lib/zxing/oned/OneDResultPoint.cpp ****  * you may not use this file except in compliance with the License.
   9:../src/zxing_lib/zxing/oned/OneDResultPoint.cpp ****  * You may obtain a copy of the License at
  10:../src/zxing_lib/zxing/oned/OneDResultPoint.cpp ****  *
  11:../src/zxing_lib/zxing/oned/OneDResultPoint.cpp ****  *      http://www.apache.org/licenses/LICENSE-2.0
  12:../src/zxing_lib/zxing/oned/OneDResultPoint.cpp ****  *
  13:../src/zxing_lib/zxing/oned/OneDResultPoint.cpp ****  * Unless required by applicable law or agreed to in writing, software
  14:../src/zxing_lib/zxing/oned/OneDResultPoint.cpp ****  * distributed under the License is distributed on an "AS IS" BASIS,
  15:../src/zxing_lib/zxing/oned/OneDResultPoint.cpp ****  * WITHOUT WARRANTIES OR CONDITIONS OF ANY KIND, either express or implied.
  16:../src/zxing_lib/zxing/oned/OneDResultPoint.cpp ****  * See the License for the specific language governing permissions and
  17:../src/zxing_lib/zxing/oned/OneDResultPoint.cpp ****  * limitations under the License.
  18:../src/zxing_lib/zxing/oned/OneDResultPoint.cpp ****  */
  19:../src/zxing_lib/zxing/oned/OneDResultPoint.cpp **** 
  20:../src/zxing_lib/zxing/oned/OneDResultPoint.cpp **** #include "OneDResultPoint.h"
  21:../src/zxing_lib/zxing/oned/OneDResultPoint.cpp **** 
  22:../src/zxing_lib/zxing/oned/OneDResultPoint.cpp **** namespace zxing {
  23:../src/zxing_lib/zxing/oned/OneDResultPoint.cpp **** 	namespace oned {
  24:../src/zxing_lib/zxing/oned/OneDResultPoint.cpp **** 
  25:../src/zxing_lib/zxing/oned/OneDResultPoint.cpp **** 		OneDResultPoint::OneDResultPoint(float posX, float posY) : ResultPoint(posX,posY) {
  26:../src/zxing_lib/zxing/oned/OneDResultPoint.cpp **** 		}
  27:../src/zxing_lib/zxing/oned/OneDResultPoint.cpp **** 	}
  28:../src/zxing_lib/zxing/oned/OneDResultPoint.cpp **** }
 112              		.loc 2 28 0
 113              		.cfi_startproc
 114              		@ args = 0, pretend = 0, frame = 0
 115              		@ frame_needed = 0, uses_anonymous_args = 0
 116              	.LVL6:
 117 0000 010050E3 		cmp	r0, #1
 118 0004 1EFF2F11 		bxne	lr
 119              		.loc 2 28 0 is_stmt 0 discriminator 1
 120 0008 FF3F0FE3 		movw	r3, #65535
 121 000c 030051E1 		cmp	r1, r3
 122 0010 1EFF2F11 		bxne	lr
 123              		.loc 2 28 0
 124 0014 10402DE9 		push	{r4, lr}
 125              		.cfi_def_cfa_offset 8
 126              		.cfi_offset 4, -8
 127              		.cfi_offset 14, -4
 128              		.file 3 "/home/zkmike/.local/share/renesas/e2_studio/toolchains/gcc_arm/gcc-arm-none-eabi-6-2017-q
   1:/home/zkmike/.local/share/renesas/e2_studio/toolchains/gcc_arm/gcc-arm-none-eabi-6-2017-q2-update/arm-none-eabi/include/c++/6.3.1/iostream **** // Standard iostream objects -*- C++ -*-
   2:/home/zkmike/.local/share/renesas/e2_studio/toolchains/gcc_arm/gcc-arm-none-eabi-6-2017-q2-update/arm-none-eabi/include/c++/6.3.1/iostream **** 
   3:/home/zkmike/.local/share/renesas/e2_studio/toolchains/gcc_arm/gcc-arm-none-eabi-6-2017-q2-update/arm-none-eabi/include/c++/6.3.1/iostream **** // Copyright (C) 1997-2016 Free Software Foundation, Inc.
   4:/home/zkmike/.local/share/renesas/e2_studio/toolchains/gcc_arm/gcc-arm-none-eabi-6-2017-q2-update/arm-none-eabi/include/c++/6.3.1/iostream **** //
   5:/home/zkmike/.local/share/renesas/e2_studio/toolchains/gcc_arm/gcc-arm-none-eabi-6-2017-q2-update/arm-none-eabi/include/c++/6.3.1/iostream **** // This file is part of the GNU ISO C++ Library.  This library is free
   6:/home/zkmike/.local/share/renesas/e2_studio/toolchains/gcc_arm/gcc-arm-none-eabi-6-2017-q2-update/arm-none-eabi/include/c++/6.3.1/iostream **** // software; you can redistribute it and/or modify it under the
   7:/home/zkmike/.local/share/renesas/e2_studio/toolchains/gcc_arm/gcc-arm-none-eabi-6-2017-q2-update/arm-none-eabi/include/c++/6.3.1/iostream **** // terms of the GNU General Public License as published by the
   8:/home/zkmike/.local/share/renesas/e2_studio/toolchains/gcc_arm/gcc-arm-none-eabi-6-2017-q2-update/arm-none-eabi/include/c++/6.3.1/iostream **** // Free Software Foundation; either version 3, or (at your option)
   9:/home/zkmike/.local/share/renesas/e2_studio/toolchains/gcc_arm/gcc-arm-none-eabi-6-2017-q2-update/arm-none-eabi/include/c++/6.3.1/iostream **** // any later version.
  10:/home/zkmike/.local/share/renesas/e2_studio/toolchains/gcc_arm/gcc-arm-none-eabi-6-2017-q2-update/arm-none-eabi/include/c++/6.3.1/iostream **** 
  11:/home/zkmike/.local/share/renesas/e2_studio/toolchains/gcc_arm/gcc-arm-none-eabi-6-2017-q2-update/arm-none-eabi/include/c++/6.3.1/iostream **** // This library is distributed in the hope that it will be useful,
  12:/home/zkmike/.local/share/renesas/e2_studio/toolchains/gcc_arm/gcc-arm-none-eabi-6-2017-q2-update/arm-none-eabi/include/c++/6.3.1/iostream **** // but WITHOUT ANY WARRANTY; without even the implied warranty of
  13:/home/zkmike/.local/share/renesas/e2_studio/toolchains/gcc_arm/gcc-arm-none-eabi-6-2017-q2-update/arm-none-eabi/include/c++/6.3.1/iostream **** // MERCHANTABILITY or FITNESS FOR A PARTICULAR PURPOSE.  See the
  14:/home/zkmike/.local/share/renesas/e2_studio/toolchains/gcc_arm/gcc-arm-none-eabi-6-2017-q2-update/arm-none-eabi/include/c++/6.3.1/iostream **** // GNU General Public License for more details.
  15:/home/zkmike/.local/share/renesas/e2_studio/toolchains/gcc_arm/gcc-arm-none-eabi-6-2017-q2-update/arm-none-eabi/include/c++/6.3.1/iostream **** 
  16:/home/zkmike/.local/share/renesas/e2_studio/toolchains/gcc_arm/gcc-arm-none-eabi-6-2017-q2-update/arm-none-eabi/include/c++/6.3.1/iostream **** // Under Section 7 of GPL version 3, you are granted additional
  17:/home/zkmike/.local/share/renesas/e2_studio/toolchains/gcc_arm/gcc-arm-none-eabi-6-2017-q2-update/arm-none-eabi/include/c++/6.3.1/iostream **** // permissions described in the GCC Runtime Library Exception, version
  18:/home/zkmike/.local/share/renesas/e2_studio/toolchains/gcc_arm/gcc-arm-none-eabi-6-2017-q2-update/arm-none-eabi/include/c++/6.3.1/iostream **** // 3.1, as published by the Free Software Foundation.
  19:/home/zkmike/.local/share/renesas/e2_studio/toolchains/gcc_arm/gcc-arm-none-eabi-6-2017-q2-update/arm-none-eabi/include/c++/6.3.1/iostream **** 
  20:/home/zkmike/.local/share/renesas/e2_studio/toolchains/gcc_arm/gcc-arm-none-eabi-6-2017-q2-update/arm-none-eabi/include/c++/6.3.1/iostream **** // You should have received a copy of the GNU General Public License and
  21:/home/zkmike/.local/share/renesas/e2_studio/toolchains/gcc_arm/gcc-arm-none-eabi-6-2017-q2-update/arm-none-eabi/include/c++/6.3.1/iostream **** // a copy of the GCC Runtime Library Exception along with this program;
  22:/home/zkmike/.local/share/renesas/e2_studio/toolchains/gcc_arm/gcc-arm-none-eabi-6-2017-q2-update/arm-none-eabi/include/c++/6.3.1/iostream **** // see the files COPYING3 and COPYING.RUNTIME respectively.  If not, see
  23:/home/zkmike/.local/share/renesas/e2_studio/toolchains/gcc_arm/gcc-arm-none-eabi-6-2017-q2-update/arm-none-eabi/include/c++/6.3.1/iostream **** // <http://www.gnu.org/licenses/>.
  24:/home/zkmike/.local/share/renesas/e2_studio/toolchains/gcc_arm/gcc-arm-none-eabi-6-2017-q2-update/arm-none-eabi/include/c++/6.3.1/iostream **** 
  25:/home/zkmike/.local/share/renesas/e2_studio/toolchains/gcc_arm/gcc-arm-none-eabi-6-2017-q2-update/arm-none-eabi/include/c++/6.3.1/iostream **** /** @file include/iostream
  26:/home/zkmike/.local/share/renesas/e2_studio/toolchains/gcc_arm/gcc-arm-none-eabi-6-2017-q2-update/arm-none-eabi/include/c++/6.3.1/iostream ****  *  This is a Standard C++ Library header.
  27:/home/zkmike/.local/share/renesas/e2_studio/toolchains/gcc_arm/gcc-arm-none-eabi-6-2017-q2-update/arm-none-eabi/include/c++/6.3.1/iostream ****  */
  28:/home/zkmike/.local/share/renesas/e2_studio/toolchains/gcc_arm/gcc-arm-none-eabi-6-2017-q2-update/arm-none-eabi/include/c++/6.3.1/iostream **** 
  29:/home/zkmike/.local/share/renesas/e2_studio/toolchains/gcc_arm/gcc-arm-none-eabi-6-2017-q2-update/arm-none-eabi/include/c++/6.3.1/iostream **** //
  30:/home/zkmike/.local/share/renesas/e2_studio/toolchains/gcc_arm/gcc-arm-none-eabi-6-2017-q2-update/arm-none-eabi/include/c++/6.3.1/iostream **** // ISO C++ 14882: 27.3  Standard iostream objects
  31:/home/zkmike/.local/share/renesas/e2_studio/toolchains/gcc_arm/gcc-arm-none-eabi-6-2017-q2-update/arm-none-eabi/include/c++/6.3.1/iostream **** //
  32:/home/zkmike/.local/share/renesas/e2_studio/toolchains/gcc_arm/gcc-arm-none-eabi-6-2017-q2-update/arm-none-eabi/include/c++/6.3.1/iostream **** 
  33:/home/zkmike/.local/share/renesas/e2_studio/toolchains/gcc_arm/gcc-arm-none-eabi-6-2017-q2-update/arm-none-eabi/include/c++/6.3.1/iostream **** #ifndef _GLIBCXX_IOSTREAM
  34:/home/zkmike/.local/share/renesas/e2_studio/toolchains/gcc_arm/gcc-arm-none-eabi-6-2017-q2-update/arm-none-eabi/include/c++/6.3.1/iostream **** #define _GLIBCXX_IOSTREAM 1
  35:/home/zkmike/.local/share/renesas/e2_studio/toolchains/gcc_arm/gcc-arm-none-eabi-6-2017-q2-update/arm-none-eabi/include/c++/6.3.1/iostream **** 
  36:/home/zkmike/.local/share/renesas/e2_studio/toolchains/gcc_arm/gcc-arm-none-eabi-6-2017-q2-update/arm-none-eabi/include/c++/6.3.1/iostream **** #pragma GCC system_header
  37:/home/zkmike/.local/share/renesas/e2_studio/toolchains/gcc_arm/gcc-arm-none-eabi-6-2017-q2-update/arm-none-eabi/include/c++/6.3.1/iostream **** 
  38:/home/zkmike/.local/share/renesas/e2_studio/toolchains/gcc_arm/gcc-arm-none-eabi-6-2017-q2-update/arm-none-eabi/include/c++/6.3.1/iostream **** #include <bits/c++config.h>
  39:/home/zkmike/.local/share/renesas/e2_studio/toolchains/gcc_arm/gcc-arm-none-eabi-6-2017-q2-update/arm-none-eabi/include/c++/6.3.1/iostream **** #include <ostream>
  40:/home/zkmike/.local/share/renesas/e2_studio/toolchains/gcc_arm/gcc-arm-none-eabi-6-2017-q2-update/arm-none-eabi/include/c++/6.3.1/iostream **** #include <istream>
  41:/home/zkmike/.local/share/renesas/e2_studio/toolchains/gcc_arm/gcc-arm-none-eabi-6-2017-q2-update/arm-none-eabi/include/c++/6.3.1/iostream **** 
  42:/home/zkmike/.local/share/renesas/e2_studio/toolchains/gcc_arm/gcc-arm-none-eabi-6-2017-q2-update/arm-none-eabi/include/c++/6.3.1/iostream **** namespace std _GLIBCXX_VISIBILITY(default)
  43:/home/zkmike/.local/share/renesas/e2_studio/toolchains/gcc_arm/gcc-arm-none-eabi-6-2017-q2-update/arm-none-eabi/include/c++/6.3.1/iostream **** {
  44:/home/zkmike/.local/share/renesas/e2_studio/toolchains/gcc_arm/gcc-arm-none-eabi-6-2017-q2-update/arm-none-eabi/include/c++/6.3.1/iostream **** _GLIBCXX_BEGIN_NAMESPACE_VERSION
  45:/home/zkmike/.local/share/renesas/e2_studio/toolchains/gcc_arm/gcc-arm-none-eabi-6-2017-q2-update/arm-none-eabi/include/c++/6.3.1/iostream **** 
  46:/home/zkmike/.local/share/renesas/e2_studio/toolchains/gcc_arm/gcc-arm-none-eabi-6-2017-q2-update/arm-none-eabi/include/c++/6.3.1/iostream ****   /**
  47:/home/zkmike/.local/share/renesas/e2_studio/toolchains/gcc_arm/gcc-arm-none-eabi-6-2017-q2-update/arm-none-eabi/include/c++/6.3.1/iostream ****    *  @name Standard Stream Objects
  48:/home/zkmike/.local/share/renesas/e2_studio/toolchains/gcc_arm/gcc-arm-none-eabi-6-2017-q2-update/arm-none-eabi/include/c++/6.3.1/iostream ****    *
  49:/home/zkmike/.local/share/renesas/e2_studio/toolchains/gcc_arm/gcc-arm-none-eabi-6-2017-q2-update/arm-none-eabi/include/c++/6.3.1/iostream ****    *  The &lt;iostream&gt; header declares the eight <em>standard stream
  50:/home/zkmike/.local/share/renesas/e2_studio/toolchains/gcc_arm/gcc-arm-none-eabi-6-2017-q2-update/arm-none-eabi/include/c++/6.3.1/iostream ****    *  objects</em>.  For other declarations, see
  51:/home/zkmike/.local/share/renesas/e2_studio/toolchains/gcc_arm/gcc-arm-none-eabi-6-2017-q2-update/arm-none-eabi/include/c++/6.3.1/iostream ****    *  http://gcc.gnu.org/onlinedocs/libstdc++/manual/io.html
  52:/home/zkmike/.local/share/renesas/e2_studio/toolchains/gcc_arm/gcc-arm-none-eabi-6-2017-q2-update/arm-none-eabi/include/c++/6.3.1/iostream ****    *  and the @link iosfwd I/O forward declarations @endlink
  53:/home/zkmike/.local/share/renesas/e2_studio/toolchains/gcc_arm/gcc-arm-none-eabi-6-2017-q2-update/arm-none-eabi/include/c++/6.3.1/iostream ****    *
  54:/home/zkmike/.local/share/renesas/e2_studio/toolchains/gcc_arm/gcc-arm-none-eabi-6-2017-q2-update/arm-none-eabi/include/c++/6.3.1/iostream ****    *  They are required by default to cooperate with the global C
  55:/home/zkmike/.local/share/renesas/e2_studio/toolchains/gcc_arm/gcc-arm-none-eabi-6-2017-q2-update/arm-none-eabi/include/c++/6.3.1/iostream ****    *  library's @c FILE streams, and to be available during program
  56:/home/zkmike/.local/share/renesas/e2_studio/toolchains/gcc_arm/gcc-arm-none-eabi-6-2017-q2-update/arm-none-eabi/include/c++/6.3.1/iostream ****    *  startup and termination. For more information, see the section of the
  57:/home/zkmike/.local/share/renesas/e2_studio/toolchains/gcc_arm/gcc-arm-none-eabi-6-2017-q2-update/arm-none-eabi/include/c++/6.3.1/iostream ****    *  manual linked to above.
  58:/home/zkmike/.local/share/renesas/e2_studio/toolchains/gcc_arm/gcc-arm-none-eabi-6-2017-q2-update/arm-none-eabi/include/c++/6.3.1/iostream ****   */
  59:/home/zkmike/.local/share/renesas/e2_studio/toolchains/gcc_arm/gcc-arm-none-eabi-6-2017-q2-update/arm-none-eabi/include/c++/6.3.1/iostream ****   //@{
  60:/home/zkmike/.local/share/renesas/e2_studio/toolchains/gcc_arm/gcc-arm-none-eabi-6-2017-q2-update/arm-none-eabi/include/c++/6.3.1/iostream ****   extern istream cin;		/// Linked to standard input
  61:/home/zkmike/.local/share/renesas/e2_studio/toolchains/gcc_arm/gcc-arm-none-eabi-6-2017-q2-update/arm-none-eabi/include/c++/6.3.1/iostream ****   extern ostream cout;		/// Linked to standard output
  62:/home/zkmike/.local/share/renesas/e2_studio/toolchains/gcc_arm/gcc-arm-none-eabi-6-2017-q2-update/arm-none-eabi/include/c++/6.3.1/iostream ****   extern ostream cerr;		/// Linked to standard error (unbuffered)
  63:/home/zkmike/.local/share/renesas/e2_studio/toolchains/gcc_arm/gcc-arm-none-eabi-6-2017-q2-update/arm-none-eabi/include/c++/6.3.1/iostream ****   extern ostream clog;		/// Linked to standard error (buffered)
  64:/home/zkmike/.local/share/renesas/e2_studio/toolchains/gcc_arm/gcc-arm-none-eabi-6-2017-q2-update/arm-none-eabi/include/c++/6.3.1/iostream **** 
  65:/home/zkmike/.local/share/renesas/e2_studio/toolchains/gcc_arm/gcc-arm-none-eabi-6-2017-q2-update/arm-none-eabi/include/c++/6.3.1/iostream **** #ifdef _GLIBCXX_USE_WCHAR_T
  66:/home/zkmike/.local/share/renesas/e2_studio/toolchains/gcc_arm/gcc-arm-none-eabi-6-2017-q2-update/arm-none-eabi/include/c++/6.3.1/iostream ****   extern wistream wcin;		/// Linked to standard input
  67:/home/zkmike/.local/share/renesas/e2_studio/toolchains/gcc_arm/gcc-arm-none-eabi-6-2017-q2-update/arm-none-eabi/include/c++/6.3.1/iostream ****   extern wostream wcout;	/// Linked to standard output
  68:/home/zkmike/.local/share/renesas/e2_studio/toolchains/gcc_arm/gcc-arm-none-eabi-6-2017-q2-update/arm-none-eabi/include/c++/6.3.1/iostream ****   extern wostream wcerr;	/// Linked to standard error (unbuffered)
  69:/home/zkmike/.local/share/renesas/e2_studio/toolchains/gcc_arm/gcc-arm-none-eabi-6-2017-q2-update/arm-none-eabi/include/c++/6.3.1/iostream ****   extern wostream wclog;	/// Linked to standard error (buffered)
  70:/home/zkmike/.local/share/renesas/e2_studio/toolchains/gcc_arm/gcc-arm-none-eabi-6-2017-q2-update/arm-none-eabi/include/c++/6.3.1/iostream **** #endif
  71:/home/zkmike/.local/share/renesas/e2_studio/toolchains/gcc_arm/gcc-arm-none-eabi-6-2017-q2-update/arm-none-eabi/include/c++/6.3.1/iostream ****   //@}
  72:/home/zkmike/.local/share/renesas/e2_studio/toolchains/gcc_arm/gcc-arm-none-eabi-6-2017-q2-update/arm-none-eabi/include/c++/6.3.1/iostream **** 
  73:/home/zkmike/.local/share/renesas/e2_studio/toolchains/gcc_arm/gcc-arm-none-eabi-6-2017-q2-update/arm-none-eabi/include/c++/6.3.1/iostream ****   // For construction of filebuffers for cout, cin, cerr, clog et. al.
  74:/home/zkmike/.local/share/renesas/e2_studio/toolchains/gcc_arm/gcc-arm-none-eabi-6-2017-q2-update/arm-none-eabi/include/c++/6.3.1/iostream ****   static ios_base::Init __ioinit;
 129              		.loc 3 74 0 is_stmt 1
 130 0018 004000E3 		movw	r4, #:lower16:.LANCHOR0
 131 001c 004040E3 		movt	r4, #:upper16:.LANCHOR0
 132 0020 0400A0E1 		mov	r0, r4
 133              	.LVL7:
 134 0024 FEFFFFEB 		bl	_ZNSt8ios_base4InitC1Ev
 135              	.LVL8:
 136 0028 002000E3 		movw	r2, #:lower16:__dso_handle
 137 002c 002040E3 		movt	r2, #:upper16:__dso_handle
 138 0030 001000E3 		movw	r1, #:lower16:_ZNSt8ios_base4InitD1Ev
 139 0034 001040E3 		movt	r1, #:upper16:_ZNSt8ios_base4InitD1Ev
 140 0038 0400A0E1 		mov	r0, r4
 141 003c FEFFFFEB 		bl	__aeabi_atexit
 142              	.LVL9:
 143 0040 1080BDE8 		pop	{r4, pc}
 144              		.cfi_endproc
 145              	.LFE2454:
 146              		.cantunwind
 147              		.fnend
 149              		.section	.text._ZN5zxing4oned15OneDResultPointC2Eff,"ax",%progbits
 150              		.align	2
 151              		.global	_ZN5zxing4oned15OneDResultPointC2Eff
 152              		.syntax unified
 153              		.arm
 154              		.fpu neon
 156              	_ZN5zxing4oned15OneDResultPointC2Eff:
 157              		.fnstart
 158              	.LFB2010:
  25:../src/zxing_lib/zxing/oned/OneDResultPoint.cpp **** 		}
 159              		.loc 2 25 0
 160              		.cfi_startproc
 161              		@ args = 0, pretend = 0, frame = 0
 162              		@ frame_needed = 0, uses_anonymous_args = 0
 163              	.LVL10:
 164 0000 10402DE9 		push	{r4, lr}
 165              		.save {r4, lr}
 166              		.cfi_def_cfa_offset 8
 167              		.cfi_offset 4, -8
 168              		.cfi_offset 14, -4
 169 0004 0040A0E1 		mov	r4, r0
 170              	.LBB8:
  25:../src/zxing_lib/zxing/oned/OneDResultPoint.cpp **** 		}
 171              		.loc 2 25 0
 172 0008 FEFFFFEB 		bl	_ZN5zxing11ResultPointC2Eff
 173              	.LVL11:
 174 000c 08309FE5 		ldr	r3, .L17
 175 0010 003084E5 		str	r3, [r4]
 176              	.LBE8:
  26:../src/zxing_lib/zxing/oned/OneDResultPoint.cpp **** 	}
 177              		.loc 2 26 0
 178 0014 0400A0E1 		mov	r0, r4
 179 0018 1080BDE8 		pop	{r4, pc}
 180              	.L18:
 181              		.align	2
 182              	.L17:
 183 001c 08000000 		.word	_ZTVN5zxing4oned15OneDResultPointE+8
 184              		.cfi_endproc
 185              	.LFE2010:
 186              		.fnend
 188              		.global	_ZN5zxing4oned15OneDResultPointC1Eff
 189              		.set	_ZN5zxing4oned15OneDResultPointC1Eff,_ZN5zxing4oned15OneDResultPointC2Eff
 190              		.section	.text._GLOBAL__sub_I__ZN5zxing4oned15OneDResultPointC2Eff,"ax",%progbits
 191              		.align	2
 192              		.syntax unified
 193              		.arm
 194              		.fpu neon
 196              	_GLOBAL__sub_I__ZN5zxing4oned15OneDResultPointC2Eff:
 197              		.fnstart
 198              	.LFB2455:
 199              		.loc 2 28 0
 200              		.cfi_startproc
 201              		@ args = 0, pretend = 0, frame = 0
 202              		@ frame_needed = 0, uses_anonymous_args = 0
 203 0000 10402DE9 		push	{r4, lr}
 204              		.cfi_def_cfa_offset 8
 205              		.cfi_offset 4, -8
 206              		.cfi_offset 14, -4
 207              		.loc 2 28 0
 208 0004 FF1F0FE3 		movw	r1, #65535
 209 0008 0100A0E3 		mov	r0, #1
 210 000c FEFFFFEB 		bl	_Z41__static_initialization_and_destruction_0ii
 211              	.LVL12:
 212 0010 1080BDE8 		pop	{r4, pc}
 213              		.cfi_endproc
 214              	.LFE2455:
 215              		.cantunwind
 216              		.fnend
 218              		.section	.init_array,"aw",%init_array
 219              		.align	2
 220 0000 00000000 		.word	_GLOBAL__sub_I__ZN5zxing4oned15OneDResultPointC2Eff(target1)
 221              		.weak	_ZTSN5zxing4oned15OneDResultPointE
 222              		.section	.rodata._ZTSN5zxing4oned15OneDResultPointE,"aG",%progbits,_ZTSN5zxing4oned15OneDResultPoi
 223              		.align	2
 226              	_ZTSN5zxing4oned15OneDResultPointE:
 227 0000 4E357A78 		.ascii	"N5zxing4oned15OneDResultPointE\000"
 227      696E6734 
 227      6F6E6564 
 227      31354F6E 
 227      65445265 
 228              		.weak	_ZTIN5zxing4oned15OneDResultPointE
 229              		.section	.rodata._ZTIN5zxing4oned15OneDResultPointE,"aG",%progbits,_ZTIN5zxing4oned15OneDResultPoi
 230              		.align	2
 233              	_ZTIN5zxing4oned15OneDResultPointE:
 234 0000 08000000 		.word	_ZTVN10__cxxabiv120__si_class_type_infoE+8
 235 0004 00000000 		.word	_ZTSN5zxing4oned15OneDResultPointE
 236 0008 00000000 		.word	_ZTIN5zxing11ResultPointE
 237              		.weak	_ZTVN5zxing4oned15OneDResultPointE
 238              		.section	.rodata._ZTVN5zxing4oned15OneDResultPointE,"aG",%progbits,_ZTVN5zxing4oned15OneDResultPoi
 239              		.align	2
 242              	_ZTVN5zxing4oned15OneDResultPointE:
 243 0000 00000000 		.word	0
 244 0004 00000000 		.word	_ZTIN5zxing4oned15OneDResultPointE
 245 0008 00000000 		.word	_ZN5zxing4oned15OneDResultPointD1Ev
 246 000c 00000000 		.word	_ZN5zxing4oned15OneDResultPointD0Ev
 247 0010 00000000 		.word	_ZNK5zxing11ResultPoint4getXEv
 248 0014 00000000 		.word	_ZNK5zxing11ResultPoint4getYEv
 249              		.section	.bss._ZStL8__ioinit,"aw",%nobits
 250              		.align	2
 251              		.set	.LANCHOR0,. + 0
 254              	_ZStL8__ioinit:
 255 0000 00       		.space	1
 256              		.text
 257              	.Letext0:
 258              		.file 4 "/home/zkmike/.local/share/renesas/e2_studio/toolchains/gcc_arm/gcc-arm-none-eabi-6-2017-q
 259              		.file 5 "/home/zkmike/.local/share/renesas/e2_studio/toolchains/gcc_arm/gcc-arm-none-eabi-6-2017-q
 260              		.file 6 "/home/zkmike/.local/share/renesas/e2_studio/toolchains/gcc_arm/gcc-arm-none-eabi-6-2017-q
 261              		.file 7 "/home/zkmike/.local/share/renesas/e2_studio/toolchains/gcc_arm/gcc-arm-none-eabi-6-2017-q
 262              		.file 8 "/home/zkmike/.local/share/renesas/e2_studio/toolchains/gcc_arm/gcc-arm-none-eabi-6-2017-q
 263              		.file 9 "/home/zkmike/.local/share/renesas/e2_studio/toolchains/gcc_arm/gcc-arm-none-eabi-6-2017-q
 264              		.file 10 "/home/zkmike/.local/share/renesas/e2_studio/toolchains/gcc_arm/gcc-arm-none-eabi-6-2017-
 265              		.file 11 "/home/zkmike/.local/share/renesas/e2_studio/toolchains/gcc_arm/gcc-arm-none-eabi-6-2017-
 266              		.file 12 "/home/zkmike/.local/share/renesas/e2_studio/toolchains/gcc_arm/gcc-arm-none-eabi-6-2017-
 267              		.file 13 "/home/zkmike/.local/share/renesas/e2_studio/toolchains/gcc_arm/gcc-arm-none-eabi-6-2017-
 268              		.file 14 "/home/zkmike/.local/share/renesas/e2_studio/toolchains/gcc_arm/gcc-arm-none-eabi-6-2017-
 269              		.file 15 "/home/zkmike/.local/share/renesas/e2_studio/toolchains/gcc_arm/gcc-arm-none-eabi-6-2017-
 270              		.file 16 "/home/zkmike/.local/share/renesas/e2_studio/toolchains/gcc_arm/gcc-arm-none-eabi-6-2017-
 271              		.file 17 "/home/zkmike/.local/share/renesas/e2_studio/toolchains/gcc_arm/gcc-arm-none-eabi-6-2017-
 272              		.file 18 "/home/zkmike/.local/share/renesas/e2_studio/toolchains/gcc_arm/gcc-arm-none-eabi-6-2017-
 273              		.file 19 "/home/zkmike/.local/share/renesas/e2_studio/toolchains/gcc_arm/gcc-arm-none-eabi-6-2017-
 274              		.file 20 "/home/zkmike/.local/share/renesas/e2_studio/toolchains/gcc_arm/gcc-arm-none-eabi-6-2017-
 275              		.file 21 "/home/zkmike/.local/share/renesas/e2_studio/toolchains/gcc_arm/gcc-arm-none-eabi-6-2017-
 276              		.file 22 "/home/zkmike/.local/share/renesas/e2_studio/toolchains/gcc_arm/gcc-arm-none-eabi-6-2017-
 277              		.file 23 "/home/zkmike/.local/share/renesas/e2_studio/toolchains/gcc_arm/gcc-arm-none-eabi-6-2017-
 278              		.file 24 "/home/zkmike/.local/share/renesas/e2_studio/toolchains/gcc_arm/gcc-arm-none-eabi-6-2017-
 279              		.file 25 "/home/zkmike/.local/share/renesas/e2_studio/toolchains/gcc_arm/gcc-arm-none-eabi-6-2017-
 280              		.file 26 "/home/zkmike/.local/share/renesas/e2_studio/toolchains/gcc_arm/gcc-arm-none-eabi-6-2017-
 281              		.file 27 "/home/zkmike/.local/share/renesas/e2_studio/toolchains/gcc_arm/gcc-arm-none-eabi-6-2017-
 282              		.file 28 "/home/zkmike/.local/share/renesas/e2_studio/toolchains/gcc_arm/gcc-arm-none-eabi-6-2017-
 283              		.file 29 "/home/zkmike/.local/share/renesas/e2_studio/toolchains/gcc_arm/gcc-arm-none-eabi-6-2017-
 284              		.file 30 "/home/zkmike/.local/share/renesas/e2_studio/toolchains/gcc_arm/gcc-arm-none-eabi-6-2017-
 285              		.file 31 "/home/zkmike/.local/share/renesas/e2_studio/toolchains/gcc_arm/gcc-arm-none-eabi-6-2017-
 286              		.file 32 "<built-in>"
 287              		.file 33 "/home/zkmike/.local/share/renesas/e2_studio/toolchains/gcc_arm/gcc-arm-none-eabi-6-2017-
 288              		.file 34 "/home/zkmike/.local/share/renesas/e2_studio/toolchains/gcc_arm/gcc-arm-none-eabi-6-2017-
 289              		.file 35 "/home/zkmike/.local/share/renesas/e2_studio/toolchains/gcc_arm/gcc-arm-none-eabi-6-2017-
 290              		.file 36 "/home/zkmike/.local/share/renesas/e2_studio/toolchains/gcc_arm/gcc-arm-none-eabi-6-2017-
 291              		.file 37 "/home/zkmike/.local/share/renesas/e2_studio/toolchains/gcc_arm/gcc-arm-none-eabi-6-2017-
 292              		.file 38 "/home/zkmike/.local/share/renesas/e2_studio/toolchains/gcc_arm/gcc-arm-none-eabi-6-2017-
 293              		.file 39 "/home/zkmike/.local/share/renesas/e2_studio/toolchains/gcc_arm/gcc-arm-none-eabi-6-2017-
 294              		.file 40 "/home/zkmike/.local/share/renesas/e2_studio/toolchains/gcc_arm/gcc-arm-none-eabi-6-2017-
 295              		.file 41 "/home/zkmike/.local/share/renesas/e2_studio/toolchains/gcc_arm/gcc-arm-none-eabi-6-2017-
 296              		.file 42 "/home/zkmike/.local/share/renesas/e2_studio/toolchains/gcc_arm/gcc-arm-none-eabi-6-2017-
 297              		.file 43 "/home/zkmike/.local/share/renesas/e2_studio/toolchains/gcc_arm/gcc-arm-none-eabi-6-2017-
 298              		.file 44 "/home/zkmike/workspace/RZA2M/rza2m_2d_barcode_sample_freertos_gcc/src/zxing_lib/zxing/co
 299              		.file 45 "/home/zkmike/.local/share/renesas/e2_studio/toolchains/gcc_arm/gcc-arm-none-eabi-6-2017-
DEFINED SYMBOLS
                            *ABS*:0000000000000000 OneDResultPoint.cpp
     /tmp/cctTNgp5.s:17     .text._ZN5zxing4oned15OneDResultPointD2Ev:0000000000000000 $a
     /tmp/cctTNgp5.s:23     .text._ZN5zxing4oned15OneDResultPointD2Ev:0000000000000000 _ZN5zxing4oned15OneDResultPointD2Ev
     /tmp/cctTNgp5.s:49     .text._ZN5zxing4oned15OneDResultPointD2Ev:000000000000001c $d
     /tmp/cctTNgp5.s:242    .rodata._ZTVN5zxing4oned15OneDResultPointE:0000000000000000 _ZTVN5zxing4oned15OneDResultPointE
.ARM.exidx.text._ZN5zxing4oned15OneDResultPointD2Ev:0000000000000000 $d
     /tmp/cctTNgp5.s:23     .text._ZN5zxing4oned15OneDResultPointD2Ev:0000000000000000 _ZN5zxing4oned15OneDResultPointD1Ev
     /tmp/cctTNgp5.s:58     .text._ZN5zxing4oned15OneDResultPointD0Ev:0000000000000000 $a
     /tmp/cctTNgp5.s:64     .text._ZN5zxing4oned15OneDResultPointD0Ev:0000000000000000 _ZN5zxing4oned15OneDResultPointD0Ev
     /tmp/cctTNgp5.s:96     .text._ZN5zxing4oned15OneDResultPointD0Ev:0000000000000028 $d
.ARM.exidx.text._ZN5zxing4oned15OneDResultPointD0Ev:0000000000000000 $d
     /tmp/cctTNgp5.s:103    .text._Z41__static_initialization_and_destruction_0ii:0000000000000000 $a
     /tmp/cctTNgp5.s:108    .text._Z41__static_initialization_and_destruction_0ii:0000000000000000 _Z41__static_initialization_and_destruction_0ii
     /tmp/cctTNgp5.s:251    .bss._ZStL8__ioinit:0000000000000000 .LANCHOR0
.ARM.exidx.text._Z41__static_initialization_and_destruction_0ii:0000000000000000 $d
     /tmp/cctTNgp5.s:150    .text._ZN5zxing4oned15OneDResultPointC2Eff:0000000000000000 $a
     /tmp/cctTNgp5.s:156    .text._ZN5zxing4oned15OneDResultPointC2Eff:0000000000000000 _ZN5zxing4oned15OneDResultPointC2Eff
     /tmp/cctTNgp5.s:183    .text._ZN5zxing4oned15OneDResultPointC2Eff:000000000000001c $d
.ARM.exidx.text._ZN5zxing4oned15OneDResultPointC2Eff:0000000000000000 $d
     /tmp/cctTNgp5.s:156    .text._ZN5zxing4oned15OneDResultPointC2Eff:0000000000000000 _ZN5zxing4oned15OneDResultPointC1Eff
     /tmp/cctTNgp5.s:191    .text._GLOBAL__sub_I__ZN5zxing4oned15OneDResultPointC2Eff:0000000000000000 $a
     /tmp/cctTNgp5.s:196    .text._GLOBAL__sub_I__ZN5zxing4oned15OneDResultPointC2Eff:0000000000000000 _GLOBAL__sub_I__ZN5zxing4oned15OneDResultPointC2Eff
.ARM.exidx.text._GLOBAL__sub_I__ZN5zxing4oned15OneDResultPointC2Eff:0000000000000000 $d
     /tmp/cctTNgp5.s:219    .init_array:0000000000000000 $d
     /tmp/cctTNgp5.s:226    .rodata._ZTSN5zxing4oned15OneDResultPointE:0000000000000000 _ZTSN5zxing4oned15OneDResultPointE
     /tmp/cctTNgp5.s:223    .rodata._ZTSN5zxing4oned15OneDResultPointE:0000000000000000 $d
     /tmp/cctTNgp5.s:233    .rodata._ZTIN5zxing4oned15OneDResultPointE:0000000000000000 _ZTIN5zxing4oned15OneDResultPointE
     /tmp/cctTNgp5.s:230    .rodata._ZTIN5zxing4oned15OneDResultPointE:0000000000000000 $d
     /tmp/cctTNgp5.s:239    .rodata._ZTVN5zxing4oned15OneDResultPointE:0000000000000000 $d
     /tmp/cctTNgp5.s:250    .bss._ZStL8__ioinit:0000000000000000 $d
     /tmp/cctTNgp5.s:254    .bss._ZStL8__ioinit:0000000000000000 _ZStL8__ioinit
                     .debug_frame:0000000000000010 $d
                           .group:0000000000000000 _ZN5zxing4oned15OneDResultPointD5Ev
                           .group:0000000000000000 wm4.0.cd1e96de8a8c4f34e746a820772853ad
                           .group:0000000000000000 wm4.cconfig.h.31.21483d26c3710eb58c7a44c20d82c775
                           .group:0000000000000000 wm4.cpu_defines.h.31.54d44f9d3e7c42875c5a7fd49795eb93
                           .group:0000000000000000 wm4.cconfig.h.515.5e729db314ae74226e291b4ae081e353
                           .group:0000000000000000 wm4._newlib_version.h.4.3572908597b70d672d181fc7fc501c19
                           .group:0000000000000000 wm4.newlib.h.21.59901f4bf241ab46c63694665baa7297
                           .group:0000000000000000 wm4.features.h.22.5cdadbb3efe495d1c9e38350b8c376c7
                           .group:0000000000000000 wm4.config.h.219.65a553ab5bef5482f0d7880b0d33015e
                           .group:0000000000000000 wm4._ansi.h.23.1ee1144430bedaab1a14c7b57a6c8384
                           .group:0000000000000000 wm4.stddef.h.39.fa2e86d241f4df50b9327c72832885e1
                           .group:0000000000000000 wm4._default_types.h.6.959254cf5f09734ea7516c89e8bb21bd
                           .group:0000000000000000 wm4.lock.h.2.1461d1fff82dffe8bfddc23307f6484f
                           .group:0000000000000000 wm4._types.h.125.5cf8a495f1f7ef36777ad868a1e32068
                           .group:0000000000000000 wm4.stddef.h.161.7e98c9c86da0ed2d27af2ef92af7d013
                           .group:0000000000000000 wm4._types.h.183.c226d164ceca1f2ecb9ae9360c54a098
                           .group:0000000000000000 wm4.reent.h.17.23b059516345f8f5abfa01ddc379570f
                           .group:0000000000000000 wm4.wchar.h.8.acdef4366e64def8c588421024712d23
                           .group:0000000000000000 wm4.stddef.h.161.9f48187563b2a85291a91832aa425498
                           .group:0000000000000000 wm4.cdefs.h.47.9bc8274c84fddbf05edd550eb0bf48cd
                           .group:0000000000000000 wm4.stdarg.h.34.3a23a216c0c293b3d2ea2e89281481e6
                           .group:0000000000000000 wm4.wchar.h.29.7ec19a1c094c7903732828676a0a91b2
                           .group:0000000000000000 wm4.wchar.h.76.90478bd2c784f576b769c4535c98839d
                           .group:0000000000000000 wm4.cwchar.48.c4e882638bf84f6da89479dda6fe8e17
                           .group:0000000000000000 wm4.atomic_lockfree_defines.h.31.d5c6334fb1e95c9462b052951f1411df
                           .group:0000000000000000 wm4.exception_defines.h.31.ca6841b9be3287386aafc5c717935b2e
                           .group:0000000000000000 wm4.concept_check.h.31.f19605d278e56917c68a56d378be308c
                           .group:0000000000000000 wm4.type_traits.30.967137c3695c72a3f7c65b682f1a104e
                           .group:0000000000000000 wm4.move.h.152.41d7b9e6779674d169b7813982cfa003
                           .group:0000000000000000 wm4.cpp_type_traits.h.33.9f2bfd8c4471a9a299f6da3ec24c745c
                           .group:0000000000000000 wm4.numeric_traits.h.30.aa01a98564b7e55086aad9e53c7e5c53
                           .group:0000000000000000 wm4.assertions.h.30.51d443923f0d242550e04246a7819b39
                           .group:0000000000000000 wm4.stl_iterator.h.406.6718c794fa6a1331f8340656b5c8c55c
                           .group:0000000000000000 wm4.debug.h.30.5c1f223b12199e851d4d42805b788ccf
                           .group:0000000000000000 wm4.stl_algobase.h.491.ec4060988bfff82dc579decdb75c72d6
                           .group:0000000000000000 wm4.stdint.h.4.659be5aa44c4ab4eb7c7cc2b24d8ceee
                           .group:0000000000000000 wm4._intsup.h.10.cce27fed8484c08a33f522034c30d2b5
                           .group:0000000000000000 wm4._stdint.h.10.c24fa3af3bc1706662bb5593a907e841
                           .group:0000000000000000 wm4.stdint.h.23.4c107c5a20920bfc6e94fb2672bbd9ee
                           .group:0000000000000000 wm4.stddef.h.161.38688f2eb958a8ed58fdb61ffe554c94
                           .group:0000000000000000 wm4.locale.h.16.90d16f662e7119f5b192650a45179c6c
                           .group:0000000000000000 wm4.clocale.45.c36d2d5b631a875aa5273176b54fdf0f
                           .group:0000000000000000 wm4.ctype.h.2.cf64fe4c5e8c0ac0f52f1143312d4909
                           .group:0000000000000000 wm4.cctype.45.0da5714876b0be7f2d816b53d9670403
                           .group:0000000000000000 wm4.gthr.h.27.ceb1c66b926f052afcba57e8784df0d4
                           .group:0000000000000000 wm4.gthrdefault.h.27.edc94d4398c0534988962be77dc3c2e1
                           .group:0000000000000000 wm4.atomic_word.h.30.9e0ac69fd462d5e650933e05133b4afa
                           .group:0000000000000000 wm4.allocator.h.52.0ceafb36dc1b82dbfa6b05003082e3f5
                           .group:0000000000000000 wm4.stl_function.h.57.472a8ffdc5144ddcd047558cd884dda0
                           .group:0000000000000000 wm4.alloc_traits.h.31.c41c7c4789404962122a4e991dfa3abf
                           .group:0000000000000000 wm4.cstdlib.44.52c5efdfb0f3c176bd11e611a0b94959
                           .group:0000000000000000 wm4.stdlib.h.13.4ed386f5c1a80d71e72172885d946ef2
                           .group:0000000000000000 wm4.alloca.h.8.dfc0c703c47ec3e69746825b17d9e66d
                           .group:0000000000000000 wm4.stdlib.h.56.d4493cd3736e51e9d56335045f26df45
                           .group:0000000000000000 wm4.cstdlib.76.ae666499c8f9b0ace1b4b23fe143da2c
                           .group:0000000000000000 wm4.stdio.h.27.3fc80220048df77954e38daec3bb9670
                           .group:0000000000000000 wm4.types.h.40.e8c16e7ec36ba55f133d0616070e25fc
                           .group:0000000000000000 wm4._endian.h.31.65a10590763c3dde1ac4a7f66d7d4891
                           .group:0000000000000000 wm4.endian.h.9.49f3a4695c1b61e8a0808de3c4a106cb
                           .group:0000000000000000 wm4._timeval.h.30.0e8bfd94e85db17dda3286ee81496fe6
                           .group:0000000000000000 wm4.timespec.h.41.d855182eb0e690443ab8651bcedca6e1
                           .group:0000000000000000 wm4.select.h.30.bbece7fa40993a78092dcc5805132560
                           .group:0000000000000000 wm4.types.h.69.ed3eae3cf73030a737515151ebcab7a1
                           .group:0000000000000000 wm4.stdio.h.2.4aa87247282eca6c8f36f9de33d8df1a
                           .group:0000000000000000 wm4.stdio.h.81.edc2fd66146f9635463a729e8fe0add3
                           .group:0000000000000000 wm4.cstdio.45.1ffaea3e7c26dce1e03f5847a7439edb
                           .group:0000000000000000 wm4.errno.h.2.ba016d646105af6cad23be83630b6a3f
                           .group:0000000000000000 wm4.errno.h.9.1ecd7b1049497a0ab61da0f6cbd4b0c6
                           .group:0000000000000000 wm4.functional_hash.h.98.3bf7680ffcc8d24d09fa83ac1339c79d
                           .group:0000000000000000 wm4.wctype.h.2.898a9b94aa35d125e245195b099726a8
                           .group:0000000000000000 wm4.wctype.h.21.aec4d35c940c33b3f9c6f879c49edcd8
                           .group:0000000000000000 wm4.cwctype.54.6582aca101688c1c3785d03bc15e2af6
                           .group:0000000000000000 wm4.locale_facets.h.56.0d4bb655ce5e76ea564363ed7c5a34fc
                           .group:0000000000000000 wm4.math.h.13.4f1ab8d1725735081bbdb9ebcf6dba66
                           .group:0000000000000000 wm4.cmath.46.d6e5b776115d39075860ed881d18f087

UNDEFINED SYMBOLS
_ZN5zxing11ResultPointD2Ev
_ZdlPvj
_ZNSt8ios_base4InitC1Ev
__dso_handle
_ZNSt8ios_base4InitD1Ev
__aeabi_atexit
_ZN5zxing11ResultPointC2Eff
__aeabi_unwind_cpp_pr0
_ZTVN10__cxxabiv120__si_class_type_infoE
_ZTIN5zxing11ResultPointE
_ZNK5zxing11ResultPoint4getXEv
_ZNK5zxing11ResultPoint4getYEv
